[2026-03-25T11:56:44.333666] === calendar_self_invite starting ===
[2026-03-25T11:56:45.718930] Fetched 10 events
[2026-03-25T11:56:45.719199]   Event: 'Weekly Senior Leadership Standup' — not invited, adding...
[2026-03-25T11:56:49.067447]   ✅ Added to 'Weekly Senior Leadership Standup' (jv7ps3sd7c5sljem4u18cfh5up_20260325T150000Z) [series]
[2026-03-25T11:56:49.067641]   Event: 'Debrief & Planning Meeting: AI Session & Future Curriculum' — not invited, adding...
[2026-03-25T11:56:52.575483]   ✅ Added to 'Debrief & Planning Meeting: AI Session & Future Curriculum' (7c9bj2cetghk78aams592bn5i2_20260325T190000Z) [series]
[2026-03-25T11:56:52.575654]   Event: '🔍 Mac Studio M5 Weekly Check' — not invited, adding...
[2026-03-25T11:56:55.751789]   ✅ Added to '🔍 Mac Studio M5 Weekly Check' (n5grvoeolj2bradbp88nh1n6n0)
[2026-03-25T11:56:55.751996]   Event: 'eCommerce Migration Weekly Update' — not invited, adding...
[2026-03-25T11:56:58.719320]   ✅ Added to 'eCommerce Migration Weekly Update' (2shu1tmadfkn96frrsmdq6jvkk_20260326T150000Z) [series]
[2026-03-25T11:56:58.719724] === Done: 4 added, 4 already invited, 0 failed, 2 all-day skipped ===
[2026-03-25T12:00:01.981396] === calendar_self_invite starting ===
[2026-03-25T12:00:03.406618] Fetched 10 events
[2026-03-25T12:00:03.407124] === Done: 0 added, 8 already invited, 0 failed, 2 all-day skipped ===
[2026-03-25T12:30:02.015094] === calendar_self_invite starting ===
[2026-03-25T12:30:03.362478] Fetched 10 events
[2026-03-25T12:30:03.362788] === Done: 0 added, 8 already invited, 0 failed, 2 all-day skipped ===
[2026-03-25T13:00:01.112018] === calendar_self_invite starting ===
[2026-03-25T13:00:02.638365] Fetched 10 events
[2026-03-25T13:00:02.638922] === Done: 0 added, 8 already invited, 0 failed, 2 all-day skipped ===
[2026-03-25T13:30:01.959511] === calendar_self_invite starting ===
[2026-03-25T13:30:03.481546] Fetched 10 events
[2026-03-25T13:30:03.482135] === Done: 0 added, 8 already invited, 0 failed, 2 all-day skipped ===
[2026-03-25T14:00:01.956620] === calendar_self_invite starting ===
[2026-03-25T14:00:03.224458] Fetched 10 events
[2026-03-25T14:00:03.224973] === Done: 0 added, 8 already invited, 0 failed, 2 all-day skipped ===
[2026-03-25T14:30:01.924444] === calendar_self_invite starting ===
[2026-03-25T14:30:03.172616] Fetched 10 events
[2026-03-25T14:30:03.173220] === Done: 0 added, 8 already invited, 0 failed, 2 all-day skipped ===
[2026-03-25T15:00:01.608437] === calendar_self_invite starting ===
[2026-03-25T15:00:05.228851] Fetched 10 events
[2026-03-25T15:00:05.230058] === Done: 0 added, 8 already invited, 0 failed, 2 all-day skipped ===
[2026-03-25T15:30:01.442131] === calendar_self_invite starting ===
[2026-03-25T15:30:02.714552] Fetched 10 events
[2026-03-25T15:30:02.714973] === Done: 0 added, 8 already invited, 0 failed, 2 all-day skipped ===
[2026-03-25T16:00:02.030120] === calendar_self_invite starting ===
[2026-03-25T16:00:03.139101] Fetched 10 events
[2026-03-25T16:00:03.139599] === Done: 0 added, 8 already invited, 0 failed, 2 all-day skipped ===
[2026-03-25T16:30:01.430220] === calendar_self_invite starting ===
[2026-03-25T16:30:02.717656] Fetched 10 events
[2026-03-25T16:30:02.717960] === Done: 0 added, 8 already invited, 0 failed, 2 all-day skipped ===
[2026-03-25T17:00:01.690963] === calendar_self_invite starting ===
[2026-03-25T17:00:03.220762] Fetched 10 events
[2026-03-25T17:00:03.221161] === Done: 0 added, 8 already invited, 0 failed, 2 all-day skipped ===
[2026-03-25T17:30:01.240338] === calendar_self_invite starting ===
[2026-03-25T17:30:02.429852] Fetched 10 events
[2026-03-25T17:30:02.430435] === Done: 0 added, 8 already invited, 0 failed, 2 all-day skipped ===
[2026-03-25T18:00:01.650859] === calendar_self_invite starting ===
[2026-03-25T18:00:02.813917] Fetched 10 events
[2026-03-25T18:00:02.814586] === Done: 0 added, 8 already invited, 0 failed, 2 all-day skipped ===
[2026-03-25T18:30:01.398382] === calendar_self_invite starting ===
[2026-03-25T18:30:02.543481] Fetched 10 events
[2026-03-25T18:30:02.544118] === Done: 0 added, 8 already invited, 0 failed, 2 all-day skipped ===
[2026-03-25T19:00:01.943149] === calendar_self_invite starting ===
[2026-03-25T19:00:03.125825] Fetched 10 events
[2026-03-25T19:00:03.126310] === Done: 0 added, 8 already invited, 0 failed, 2 all-day skipped ===
[2026-03-25T19:30:01.873000] === calendar_self_invite starting ===
[2026-03-25T19:30:03.011174] Fetched 10 events
[2026-03-25T19:30:03.011672] === Done: 0 added, 8 already invited, 0 failed, 2 all-day skipped ===
[2026-03-25T20:00:02.047685] === calendar_self_invite starting ===
[2026-03-25T20:00:03.225652] Fetched 10 events
[2026-03-25T20:00:03.226172] === Done: 0 added, 8 already invited, 0 failed, 2 all-day skipped ===
[2026-03-25T20:30:01.064959] === calendar_self_invite starting ===
[2026-03-25T20:30:02.213248] Fetched 10 events
[2026-03-25T20:30:02.213799] === Done: 0 added, 8 already invited, 0 failed, 2 all-day skipped ===
[2026-03-25T21:00:01.111639] === calendar_self_invite starting ===
[2026-03-25T21:00:02.122675] Fetched 10 events
[2026-03-25T21:00:02.123173] === Done: 0 added, 8 already invited, 0 failed, 2 all-day skipped ===
[2026-03-25T21:30:01.829026] === calendar_self_invite starting ===
[2026-03-25T21:30:03.079739] Fetched 10 events
[2026-03-25T21:30:03.080033] === Done: 0 added, 8 already invited, 0 failed, 2 all-day skipped ===
[2026-03-25T22:00:01.999630] === calendar_self_invite starting ===
[2026-03-25T22:00:03.164715] Fetched 10 events
[2026-03-25T22:00:03.166517] === Done: 0 added, 8 already invited, 0 failed, 2 all-day skipped ===
[2026-03-25T22:30:01.601763] === calendar_self_invite starting ===
[2026-03-25T22:30:02.770199] Fetched 10 events
[2026-03-25T22:30:02.770926] === Done: 0 added, 8 already invited, 0 failed, 2 all-day skipped ===
[2026-03-25T23:00:01.367206] === calendar_self_invite starting ===
[2026-03-25T23:00:02.489793] Fetched 10 events
[2026-03-25T23:00:02.490170] === Done: 0 added, 8 already invited, 0 failed, 2 all-day skipped ===
[2026-03-25T23:30:01.411025] === calendar_self_invite starting ===
[2026-03-25T23:30:02.560303] Fetched 10 events
[2026-03-25T23:30:02.560642] === Done: 0 added, 8 already invited, 0 failed, 2 all-day skipped ===
[2026-03-26T00:00:01.102147] === calendar_self_invite starting ===
[2026-03-26T00:00:02.264029] Fetched 10 events
[2026-03-26T00:00:02.264251] === Done: 0 added, 8 already invited, 0 failed, 2 all-day skipped ===
[2026-03-26T00:30:01.094426] === calendar_self_invite starting ===
[2026-03-26T00:30:02.191774] Fetched 10 events
[2026-03-26T00:30:02.191975] === Done: 0 added, 8 already invited, 0 failed, 2 all-day skipped ===
[2026-03-26T01:00:01.817901] === calendar_self_invite starting ===
[2026-03-26T01:00:02.962335] Fetched 10 events
[2026-03-26T01:00:02.962676] === Done: 0 added, 8 already invited, 0 failed, 2 all-day skipped ===
[2026-03-26T01:30:02.022978] === calendar_self_invite starting ===
[2026-03-26T01:30:03.058399] Fetched 10 events
[2026-03-26T01:30:03.058585] === Done: 0 added, 8 already invited, 0 failed, 2 all-day skipped ===
[2026-03-26T02:00:01.655600] === calendar_self_invite starting ===
[2026-03-26T02:00:02.763710] Fetched 10 events
[2026-03-26T02:00:02.764029] === Done: 0 added, 8 already invited, 0 failed, 2 all-day skipped ===
[2026-03-26T02:30:01.073975] === calendar_self_invite starting ===
[2026-03-26T02:30:02.278451] Fetched 10 events
[2026-03-26T02:30:02.278642] === Done: 0 added, 8 already invited, 0 failed, 2 all-day skipped ===
[2026-03-26T03:00:01.942798] === calendar_self_invite starting ===
[2026-03-26T03:00:03.159633] Fetched 10 events
[2026-03-26T03:00:03.159934] === Done: 0 added, 8 already invited, 0 failed, 2 all-day skipped ===
[2026-03-26T03:30:01.748386] === calendar_self_invite starting ===
[2026-03-26T03:30:03.012917] Fetched 10 events
[2026-03-26T03:30:03.013173] === Done: 0 added, 8 already invited, 0 failed, 2 all-day skipped ===
[2026-03-26T04:00:01.266564] === calendar_self_invite starting ===
[2026-03-26T04:00:02.587374] Fetched 10 events
[2026-03-26T04:00:02.587658] === Done: 0 added, 8 already invited, 0 failed, 2 all-day skipped ===
[2026-03-26T04:30:01.894950] === calendar_self_invite starting ===
[2026-03-26T04:30:03.176454] Fetched 10 events
[2026-03-26T04:30:03.176817] === Done: 0 added, 8 already invited, 0 failed, 2 all-day skipped ===
[2026-03-26T05:00:01.941620] === calendar_self_invite starting ===
[2026-03-26T05:00:03.283052] Fetched 10 events
[2026-03-26T05:00:03.283474] === Done: 0 added, 8 already invited, 0 failed, 2 all-day skipped ===
[2026-03-26T05:30:01.809761] === calendar_self_invite starting ===
[2026-03-26T05:30:03.072425] Fetched 10 events
[2026-03-26T05:30:03.072875] === Done: 0 added, 8 already invited, 0 failed, 2 all-day skipped ===
[2026-03-26T06:00:01.774679] === calendar_self_invite starting ===
[2026-03-26T06:00:03.108927] Fetched 10 events
[2026-03-26T06:00:03.109377] === Done: 0 added, 8 already invited, 0 failed, 2 all-day skipped ===
[2026-03-26T06:30:01.075718] === calendar_self_invite starting ===
[2026-03-26T06:30:02.427237] Fetched 10 events
[2026-03-26T06:30:02.427670] === Done: 0 added, 8 already invited, 0 failed, 2 all-day skipped ===
[2026-03-26T07:00:01.448850] === calendar_self_invite starting ===
[2026-03-26T07:00:02.662823] Fetched 10 events
[2026-03-26T07:00:02.663501] === Done: 0 added, 8 already invited, 0 failed, 2 all-day skipped ===
[2026-03-26T07:30:01.140456] === calendar_self_invite starting ===
[2026-03-26T07:30:02.720700] Fetched 10 events
[2026-03-26T07:30:02.721280] === Done: 0 added, 8 already invited, 0 failed, 2 all-day skipped ===
[2026-03-26T08:00:01.083799] === calendar_self_invite starting ===
[2026-03-26T08:00:02.711620] Fetched 10 events
[2026-03-26T08:00:02.712133] === Done: 0 added, 8 already invited, 0 failed, 2 all-day skipped ===
[2026-03-26T08:30:01.817042] === calendar_self_invite starting ===
[2026-03-26T08:30:03.890068] Fetched 10 events
[2026-03-26T08:30:03.890279] === Done: 0 added, 8 already invited, 0 failed, 2 all-day skipped ===
[2026-03-26T09:00:01.255101] === calendar_self_invite starting ===
[2026-03-26T09:00:02.773814] Fetched 10 events
[2026-03-26T09:00:02.774223] === Done: 0 added, 8 already invited, 0 failed, 2 all-day skipped ===
[2026-03-26T09:30:01.569219] === calendar_self_invite starting ===
[2026-03-26T09:30:02.892179] Fetched 10 events
[2026-03-26T09:30:02.892503] === Done: 0 added, 8 already invited, 0 failed, 2 all-day skipped ===
[2026-03-26T10:00:01.772942] === calendar_self_invite starting ===
[2026-03-26T10:00:03.012272] Fetched 10 events
[2026-03-26T10:00:03.012832] === Done: 0 added, 8 already invited, 0 failed, 2 all-day skipped ===
[2026-03-26T10:30:01.417176] === calendar_self_invite starting ===
[2026-03-26T10:30:02.680581] Fetched 10 events
[2026-03-26T10:30:02.680819]   Event: 'Weekly Senior Leadership Standup' — not invited, adding...
[2026-03-26T10:30:06.341970]   ✅ Added to 'Weekly Senior Leadership Standup' (jv7ps3sd7c5sljem4u18cfh5up_20260401T150000Z) [series]
[2026-03-26T10:30:06.342506] === Done: 1 added, 7 already invited, 0 failed, 2 all-day skipped ===
[2026-03-26T11:00:01.491456] === calendar_self_invite starting ===
[2026-03-26T11:00:02.793873] Fetched 10 events
[2026-03-26T11:00:02.794079] === Done: 0 added, 8 already invited, 0 failed, 2 all-day skipped ===
[2026-03-26T11:30:01.502590] === calendar_self_invite starting ===
[2026-03-26T11:30:02.889297] Fetched 10 events
[2026-03-26T11:30:02.889643] === Done: 0 added, 8 already invited, 0 failed, 2 all-day skipped ===
[2026-03-26T12:00:02.010561] === calendar_self_invite starting ===
[2026-03-26T12:00:03.184804] Fetched 10 events
[2026-03-26T12:00:03.185255] === Done: 0 added, 8 already invited, 0 failed, 2 all-day skipped ===
[2026-03-26T12:30:01.664685] === calendar_self_invite starting ===
[2026-03-26T12:30:02.960091] Fetched 10 events
[2026-03-26T12:30:02.960558] === Done: 0 added, 8 already invited, 0 failed, 2 all-day skipped ===
[2026-03-26T13:00:01.605067] === calendar_self_invite starting ===
[2026-03-26T13:00:03.022055] Fetched 10 events
[2026-03-26T13:00:03.025405] === Done: 0 added, 8 already invited, 0 failed, 2 all-day skipped ===
[2026-03-26T13:30:01.750048] === calendar_self_invite starting ===
[2026-03-26T13:30:03.088850] Fetched 10 events
[2026-03-26T13:30:03.089304] === Done: 0 added, 8 already invited, 0 failed, 2 all-day skipped ===
[2026-03-26T14:00:01.509110] === calendar_self_invite starting ===
[2026-03-26T14:00:02.820940] Fetched 10 events
[2026-03-26T14:00:02.821347] === Done: 0 added, 8 already invited, 0 failed, 2 all-day skipped ===
[2026-03-26T14:30:02.034864] === calendar_self_invite starting ===
[2026-03-26T14:30:03.279383] Fetched 10 events
[2026-03-26T14:30:03.279761] === Done: 0 added, 8 already invited, 0 failed, 2 all-day skipped ===
[2026-03-26T15:00:01.202527] === calendar_self_invite starting ===
[2026-03-26T15:00:02.292366] Fetched 10 events
[2026-03-26T15:00:02.292856] === Done: 0 added, 8 already invited, 0 failed, 2 all-day skipped ===
[2026-03-26T15:30:01.594837] === calendar_self_invite starting ===
[2026-03-26T15:30:03.176457] Fetched 10 events
[2026-03-26T15:30:03.176951] === Done: 0 added, 8 already invited, 0 failed, 2 all-day skipped ===
[2026-03-26T16:00:01.117332] === calendar_self_invite starting ===
[2026-03-26T16:00:02.346131] Fetched 10 events
[2026-03-26T16:00:02.346532] === Done: 0 added, 8 already invited, 0 failed, 2 all-day skipped ===
[2026-03-26T16:30:01.850819] === calendar_self_invite starting ===
[2026-03-26T16:30:03.044691] Fetched 10 events
[2026-03-26T16:30:03.045107] === Done: 0 added, 8 already invited, 0 failed, 2 all-day skipped ===
[2026-03-26T17:00:01.829491] === calendar_self_invite starting ===
[2026-03-26T17:00:03.114775] Fetched 10 events
[2026-03-26T17:00:03.115207] === Done: 0 added, 8 already invited, 0 failed, 2 all-day skipped ===
[2026-03-26T17:30:01.649983] === calendar_self_invite starting ===
[2026-03-26T17:30:02.786525] Fetched 10 events
[2026-03-26T17:30:02.786828] === Done: 0 added, 8 already invited, 0 failed, 2 all-day skipped ===
[2026-03-26T18:00:01.173754] === calendar_self_invite starting ===
[2026-03-26T18:00:02.459514] Fetched 10 events
[2026-03-26T18:00:02.459906] === Done: 0 added, 8 already invited, 0 failed, 2 all-day skipped ===
[2026-03-26T18:30:01.566457] === calendar_self_invite starting ===
[2026-03-26T18:30:02.916922] Fetched 10 events
[2026-03-26T18:30:02.917445] === Done: 0 added, 8 already invited, 0 failed, 2 all-day skipped ===
[2026-03-26T19:00:01.243150] === calendar_self_invite starting ===
[2026-03-26T19:00:02.413068] Fetched 10 events
[2026-03-26T19:00:02.413562] === Done: 0 added, 8 already invited, 0 failed, 2 all-day skipped ===
[2026-03-26T19:30:01.711274] === calendar_self_invite starting ===
[2026-03-26T19:30:02.880898] Fetched 10 events
[2026-03-26T19:30:02.881329] === Done: 0 added, 8 already invited, 0 failed, 2 all-day skipped ===
[2026-03-26T20:00:01.290354] === calendar_self_invite starting ===
[2026-03-26T20:00:02.370433] Fetched 10 events
[2026-03-26T20:00:02.370643] === Done: 0 added, 8 already invited, 0 failed, 2 all-day skipped ===
[2026-03-26T20:30:01.166917] === calendar_self_invite starting ===
[2026-03-26T20:30:02.279838] Fetched 10 events
[2026-03-26T20:30:02.280050] === Done: 0 added, 8 already invited, 0 failed, 2 all-day skipped ===
[2026-03-26T21:00:01.272319] === calendar_self_invite starting ===
[2026-03-26T21:00:02.432249] Fetched 10 events
[2026-03-26T21:00:02.432710] === Done: 0 added, 8 already invited, 0 failed, 2 all-day skipped ===
[2026-03-26T21:30:01.695267] === calendar_self_invite starting ===
[2026-03-26T21:30:02.927268] Fetched 10 events
[2026-03-26T21:30:02.927650] === Done: 0 added, 8 already invited, 0 failed, 2 all-day skipped ===
[2026-03-26T22:00:01.786155] === calendar_self_invite starting ===
[2026-03-26T22:00:02.872303] Fetched 10 events
[2026-03-26T22:00:02.872484] === Done: 0 added, 8 already invited, 0 failed, 2 all-day skipped ===
[2026-03-26T22:30:01.963304] === calendar_self_invite starting ===
[2026-03-26T22:30:03.209974] Fetched 10 events
[2026-03-26T22:30:03.210352] === Done: 0 added, 8 already invited, 0 failed, 2 all-day skipped ===
[2026-03-26T23:00:01.280313] === calendar_self_invite starting ===
[2026-03-26T23:00:02.443394] Fetched 10 events
[2026-03-26T23:00:02.443579] === Done: 0 added, 8 already invited, 0 failed, 2 all-day skipped ===
[2026-03-26T23:30:01.605849] === calendar_self_invite starting ===
[2026-03-26T23:30:02.644188] Fetched 10 events
[2026-03-26T23:30:02.644514] === Done: 0 added, 8 already invited, 0 failed, 2 all-day skipped ===
[2026-03-27T00:00:01.702460] === calendar_self_invite starting ===
[2026-03-27T00:00:02.935263] Fetched 10 events
[2026-03-27T00:00:02.935593] === Done: 0 added, 8 already invited, 0 failed, 2 all-day skipped ===
[2026-03-27T00:30:01.817796] === calendar_self_invite starting ===
[2026-03-27T00:30:02.940377] Fetched 10 events
[2026-03-27T00:30:02.940575] === Done: 0 added, 8 already invited, 0 failed, 2 all-day skipped ===
[2026-03-27T01:00:01.679195] === calendar_self_invite starting ===
[2026-03-27T01:00:02.815057] Fetched 10 events
[2026-03-27T01:00:02.815269] === Done: 0 added, 8 already invited, 0 failed, 2 all-day skipped ===
[2026-03-27T01:30:01.661384] === calendar_self_invite starting ===
[2026-03-27T01:30:02.932247] Fetched 10 events
[2026-03-27T01:30:02.932551] === Done: 0 added, 8 already invited, 0 failed, 2 all-day skipped ===
[2026-03-27T02:00:01.777816] === calendar_self_invite starting ===
[2026-03-27T02:00:02.943639] Fetched 10 events
[2026-03-27T02:00:02.943960] === Done: 0 added, 8 already invited, 0 failed, 2 all-day skipped ===
[2026-03-27T02:30:01.137153] === calendar_self_invite starting ===
[2026-03-27T02:30:02.292682] Fetched 10 events
[2026-03-27T02:30:02.293015] === Done: 0 added, 8 already invited, 0 failed, 2 all-day skipped ===
[2026-03-27T03:00:01.331914] === calendar_self_invite starting ===
[2026-03-27T03:00:02.614813] Fetched 10 events
[2026-03-27T03:00:02.615085] === Done: 0 added, 8 already invited, 0 failed, 2 all-day skipped ===
[2026-03-27T03:30:01.197762] === calendar_self_invite starting ===
[2026-03-27T03:30:02.316422] Fetched 10 events
[2026-03-27T03:30:02.316650] === Done: 0 added, 8 already invited, 0 failed, 2 all-day skipped ===
[2026-03-27T04:00:01.893178] === calendar_self_invite starting ===
[2026-03-27T04:00:03.264776] Fetched 10 events
[2026-03-27T04:00:03.265248] === Done: 0 added, 8 already invited, 0 failed, 2 all-day skipped ===
[2026-03-27T04:30:01.520795] === calendar_self_invite starting ===
[2026-03-27T04:30:02.832220] Fetched 10 events
[2026-03-27T04:30:02.832565] === Done: 0 added, 8 already invited, 0 failed, 2 all-day skipped ===
[2026-03-27T05:00:01.295055] === calendar_self_invite starting ===
[2026-03-27T05:00:02.575402] Fetched 10 events
[2026-03-27T05:00:02.575947] === Done: 0 added, 8 already invited, 0 failed, 2 all-day skipped ===
[2026-03-27T05:30:01.711550] === calendar_self_invite starting ===
[2026-03-27T05:30:03.135002] Fetched 10 events
[2026-03-27T05:30:03.135579] === Done: 0 added, 8 already invited, 0 failed, 2 all-day skipped ===
[2026-03-27T06:00:01.477385] === calendar_self_invite starting ===
[2026-03-27T06:00:02.737506] Fetched 10 events
[2026-03-27T06:00:02.737921] === Done: 0 added, 8 already invited, 0 failed, 2 all-day skipped ===
[2026-03-27T06:30:01.441027] === calendar_self_invite starting ===
[2026-03-27T06:30:02.724019] Fetched 10 events
[2026-03-27T06:30:02.724825] === Done: 0 added, 8 already invited, 0 failed, 2 all-day skipped ===
[2026-03-27T07:00:01.550862] === calendar_self_invite starting ===
[2026-03-27T07:00:02.976658] Fetched 10 events
[2026-03-27T07:00:02.976940] === Done: 0 added, 8 already invited, 0 failed, 2 all-day skipped ===
[2026-03-27T07:30:01.381626] === calendar_self_invite starting ===
[2026-03-27T07:30:02.678004] Fetched 10 events
[2026-03-27T07:30:02.678494] === Done: 0 added, 8 already invited, 0 failed, 2 all-day skipped ===
[2026-03-27T08:00:01.593590] === calendar_self_invite starting ===
[2026-03-27T08:00:02.830601] Fetched 10 events
[2026-03-27T08:00:02.830978] === Done: 0 added, 8 already invited, 0 failed, 2 all-day skipped ===
[2026-03-27T08:30:01.317514] === calendar_self_invite starting ===
[2026-03-27T08:30:02.662537] Fetched 10 events
[2026-03-27T08:30:02.663139] === Done: 0 added, 8 already invited, 0 failed, 2 all-day skipped ===
[2026-03-27T09:00:01.839604] === calendar_self_invite starting ===
[2026-03-27T09:00:03.240821] Fetched 10 events
[2026-03-27T09:00:03.241268] === Done: 0 added, 8 already invited, 0 failed, 2 all-day skipped ===
[2026-03-27T09:30:01.926354] === calendar_self_invite starting ===
[2026-03-27T09:30:03.421691] Fetched 10 events
[2026-03-27T09:30:03.421882] === Done: 0 added, 7 already invited, 0 failed, 3 all-day skipped ===
[2026-03-27T10:00:01.727958] === calendar_self_invite starting ===
[2026-03-27T10:00:03.112409] Fetched 10 events
[2026-03-27T10:00:03.112806] === Done: 0 added, 7 already invited, 0 failed, 3 all-day skipped ===
[2026-03-27T10:30:01.128416] === calendar_self_invite starting ===
[2026-03-27T10:30:02.971187] Fetched 10 events
[2026-03-27T10:30:02.971823] === Done: 0 added, 7 already invited, 0 failed, 3 all-day skipped ===
[2026-03-27T11:00:01.723866] === calendar_self_invite starting ===
[2026-03-27T11:00:03.133034] Fetched 10 events
[2026-03-27T11:00:03.133363] === Done: 0 added, 7 already invited, 0 failed, 3 all-day skipped ===
[2026-03-27T11:30:01.188257] === calendar_self_invite starting ===
[2026-03-27T11:30:02.402884] Fetched 10 events
[2026-03-27T11:30:02.403081] === Done: 0 added, 7 already invited, 0 failed, 3 all-day skipped ===
[2026-03-27T12:00:01.719818] === calendar_self_invite starting ===
[2026-03-27T12:00:03.524772] Fetched 10 events
[2026-03-27T12:00:03.525177] === Done: 0 added, 7 already invited, 0 failed, 3 all-day skipped ===
[2026-03-27T12:30:01.884244] === calendar_self_invite starting ===
[2026-03-27T12:30:03.180743] Fetched 10 events
[2026-03-27T12:30:03.181051] === Done: 0 added, 7 already invited, 0 failed, 3 all-day skipped ===
[2026-03-27T13:00:01.429929] === calendar_self_invite starting ===
[2026-03-27T13:00:02.972269] Fetched 10 events
[2026-03-27T13:00:02.974243]   Event: 'Valhalla' — not invited, adding...
[2026-03-27T13:00:06.074879]   ✅ Added to 'Valhalla' (_60q30c1g60o30e1i60o4ac1g60rj8gpl88rj2c1h84s34h9g60s30c1g60o30c1g752k8h218co4cc1o892k8gpg64o30c1g60o30c1g60o30c1g60o32c1g60o30c1g89242ghg8gsk4ghj74sj4h1k6l13eca18op38ghj84s34gph6h30)
[2026-03-27T13:00:06.075946] === Done: 1 added, 6 already invited, 0 failed, 3 all-day skipped ===
[2026-03-27T13:30:01.677246] === calendar_self_invite starting ===
[2026-03-27T13:30:03.003107] Fetched 10 events
[2026-03-27T13:30:03.003538] === Done: 0 added, 6 already invited, 0 failed, 3 all-day skipped ===
[2026-03-27T14:00:01.673897] === calendar_self_invite starting ===
[2026-03-27T14:00:02.922806] Fetched 10 events
[2026-03-27T14:00:02.923006] === Done: 0 added, 7 already invited, 0 failed, 3 all-day skipped ===
[2026-03-27T14:30:01.900814] === calendar_self_invite starting ===
[2026-03-27T14:30:03.058612] Fetched 10 events
[2026-03-27T14:30:03.058992] === Done: 0 added, 7 already invited, 0 failed, 3 all-day skipped ===
[2026-03-27T15:00:01.494835] === calendar_self_invite starting ===
[2026-03-27T15:00:02.808874] Fetched 10 events
[2026-03-27T15:00:02.809404] === Done: 0 added, 7 already invited, 0 failed, 3 all-day skipped ===
[2026-03-27T15:30:01.188556] === calendar_self_invite starting ===
[2026-03-27T15:30:02.318965] Fetched 10 events
[2026-03-27T15:30:02.319180] === Done: 0 added, 7 already invited, 0 failed, 3 all-day skipped ===
[2026-03-27T16:00:01.427189] === calendar_self_invite starting ===
[2026-03-27T16:00:02.632481] Fetched 10 events
[2026-03-27T16:00:02.632931] === Done: 0 added, 7 already invited, 0 failed, 3 all-day skipped ===
[2026-03-27T16:30:01.844589] === calendar_self_invite starting ===
[2026-03-27T16:30:02.933179] Fetched 10 events
[2026-03-27T16:30:02.933671] === Done: 0 added, 7 already invited, 0 failed, 3 all-day skipped ===
[2026-03-27T17:00:01.116978] === calendar_self_invite starting ===
[2026-03-27T17:00:02.170007] Fetched 10 events
[2026-03-27T17:00:02.170406] === Done: 0 added, 7 already invited, 0 failed, 3 all-day skipped ===
[2026-03-27T17:30:01.519288] === calendar_self_invite starting ===
[2026-03-27T17:30:02.646533] Fetched 10 events
[2026-03-27T17:30:02.647132] === Done: 0 added, 7 already invited, 0 failed, 3 all-day skipped ===
[2026-03-27T18:00:01.978240] === calendar_self_invite starting ===
[2026-03-27T18:00:03.265318] Fetched 10 events
[2026-03-27T18:00:03.265524] === Done: 0 added, 7 already invited, 0 failed, 3 all-day skipped ===
[2026-03-27T18:30:01.467718] === calendar_self_invite starting ===
[2026-03-27T18:30:02.557921] Fetched 10 events
[2026-03-27T18:30:02.558399] === Done: 0 added, 7 already invited, 0 failed, 3 all-day skipped ===
[2026-03-27T19:00:01.426043] === calendar_self_invite starting ===
[2026-03-27T19:00:02.567600] Fetched 10 events
[2026-03-27T19:00:02.568140] === Done: 0 added, 7 already invited, 0 failed, 3 all-day skipped ===
[2026-03-27T19:30:01.607208] === calendar_self_invite starting ===
[2026-03-27T19:30:02.674811] Fetched 10 events
[2026-03-27T19:30:02.675246] === Done: 0 added, 7 already invited, 0 failed, 3 all-day skipped ===
[2026-03-27T20:00:01.286200] === calendar_self_invite starting ===
[2026-03-27T20:00:02.368447] Fetched 10 events
[2026-03-27T20:00:02.368934] === Done: 0 added, 7 already invited, 0 failed, 3 all-day skipped ===
[2026-03-27T20:30:01.164636] === calendar_self_invite starting ===
[2026-03-27T20:30:02.249217] Fetched 10 events
[2026-03-27T20:30:02.249676] === Done: 0 added, 7 already invited, 0 failed, 3 all-day skipped ===
[2026-03-27T21:00:01.515023] === calendar_self_invite starting ===
[2026-03-27T21:00:02.656832] Fetched 10 events
[2026-03-27T21:00:02.657231] === Done: 0 added, 7 already invited, 0 failed, 3 all-day skipped ===
[2026-03-27T21:30:01.169985] === calendar_self_invite starting ===
[2026-03-27T21:30:02.379821] Fetched 10 events
[2026-03-27T21:30:02.380184] === Done: 0 added, 7 already invited, 0 failed, 3 all-day skipped ===
[2026-03-27T22:00:01.383925] === calendar_self_invite starting ===
[2026-03-27T22:00:02.528139] Fetched 10 events
[2026-03-27T22:00:02.528743] === Done: 0 added, 7 already invited, 0 failed, 3 all-day skipped ===
[2026-03-27T22:30:01.515045] === calendar_self_invite starting ===
[2026-03-27T22:30:02.671272] Fetched 10 events
[2026-03-27T22:30:02.671921] === Done: 0 added, 7 already invited, 0 failed, 3 all-day skipped ===
[2026-03-27T23:00:01.994166] === calendar_self_invite starting ===
[2026-03-27T23:00:03.244802] Fetched 10 events
[2026-03-27T23:00:03.245326] === Done: 0 added, 7 already invited, 0 failed, 3 all-day skipped ===
[2026-03-27T23:30:01.146231] === calendar_self_invite starting ===
[2026-03-27T23:30:02.239464] Fetched 10 events
[2026-03-27T23:30:02.239822] === Done: 0 added, 7 already invited, 0 failed, 3 all-day skipped ===
[2026-03-28T00:00:01.578173] === calendar_self_invite starting ===
[2026-03-28T00:00:02.721532] Fetched 10 events
[2026-03-28T00:00:02.721702]   Event: '🔍 Mac Studio M5 Weekly Check' — not invited, adding...
[2026-03-28T00:00:05.268217]   ✅ Added to '🔍 Mac Studio M5 Weekly Check' (1sblee0b6hg4nq04tp9995egck)
[2026-03-28T00:00:05.268393]   Event: 'eCommerce Migration Weekly Update' — not invited, adding...
[2026-03-28T00:00:07.844478]   ✅ Added to 'eCommerce Migration Weekly Update' (2shu1tmadfkn96frrsmdq6jvkk_20260402T150000Z) [series]
[2026-03-28T00:00:07.846196] === Done: 2 added, 7 already invited, 0 failed, 1 all-day skipped ===
[2026-03-28T00:30:02.022873] === calendar_self_invite starting ===
[2026-03-28T00:30:03.277742] Fetched 10 events
[2026-03-28T00:30:03.278400] === Done: 0 added, 9 already invited, 0 failed, 1 all-day skipped ===
[2026-03-28T01:00:01.360634] === calendar_self_invite starting ===
[2026-03-28T01:00:02.386933] Fetched 10 events
[2026-03-28T01:00:02.387346] === Done: 0 added, 9 already invited, 0 failed, 1 all-day skipped ===
[2026-03-28T01:30:01.928015] === calendar_self_invite starting ===
[2026-03-28T01:30:03.030498] Fetched 10 events
[2026-03-28T01:30:03.031015] === Done: 0 added, 9 already invited, 0 failed, 1 all-day skipped ===
[2026-03-28T02:00:01.545489] === calendar_self_invite starting ===
[2026-03-28T02:00:02.688801] Fetched 10 events
[2026-03-28T02:00:02.689333] === Done: 0 added, 9 already invited, 0 failed, 1 all-day skipped ===
[2026-03-28T02:30:01.347594] === calendar_self_invite starting ===
[2026-03-28T02:30:02.346514] Fetched 10 events
[2026-03-28T02:30:02.346713] === Done: 0 added, 9 already invited, 0 failed, 1 all-day skipped ===
[2026-03-28T03:00:01.631539] === calendar_self_invite starting ===
[2026-03-28T03:00:03.044231] Fetched 10 events
[2026-03-28T03:00:03.044440] === Done: 0 added, 9 already invited, 0 failed, 1 all-day skipped ===
[2026-03-28T03:30:01.616225] === calendar_self_invite starting ===
[2026-03-28T03:30:02.908885] Fetched 10 events
[2026-03-28T03:30:02.909088] === Done: 0 added, 9 already invited, 0 failed, 1 all-day skipped ===
[2026-03-28T04:00:01.640083] === calendar_self_invite starting ===
[2026-03-28T04:00:02.875346] Fetched 10 events
[2026-03-28T04:00:02.875629] === Done: 0 added, 9 already invited, 0 failed, 1 all-day skipped ===
[2026-03-28T04:30:01.148412] === calendar_self_invite starting ===
[2026-03-28T04:30:02.283637] Fetched 10 events
[2026-03-28T04:30:02.284062] === Done: 0 added, 9 already invited, 0 failed, 1 all-day skipped ===
[2026-03-28T05:00:01.624152] === calendar_self_invite starting ===
[2026-03-28T05:00:03.075015] Fetched 10 events
[2026-03-28T05:00:03.075446] === Done: 0 added, 9 already invited, 0 failed, 1 all-day skipped ===
[2026-03-28T05:30:02.022801] === calendar_self_invite starting ===
[2026-03-28T05:30:03.169424] Fetched 10 events
[2026-03-28T05:30:03.170048] === Done: 0 added, 9 already invited, 0 failed, 1 all-day skipped ===
[2026-03-28T06:00:01.867413] === calendar_self_invite starting ===
[2026-03-28T06:00:02.913958] Fetched 10 events
[2026-03-28T06:00:02.914579] === Done: 0 added, 9 already invited, 0 failed, 1 all-day skipped ===
[2026-03-28T06:30:01.535224] === calendar_self_invite starting ===
[2026-03-28T06:30:02.885965] Fetched 10 events
[2026-03-28T06:30:02.886532] === Done: 0 added, 9 already invited, 0 failed, 1 all-day skipped ===
[2026-03-28T07:00:01.795923] === calendar_self_invite starting ===
[2026-03-28T07:00:02.980639] Fetched 10 events
[2026-03-28T07:00:02.981305] === Done: 0 added, 9 already invited, 0 failed, 1 all-day skipped ===
[2026-03-28T07:30:01.807413] === calendar_self_invite starting ===
[2026-03-28T07:30:02.875460] Fetched 10 events
[2026-03-28T07:30:02.875888] === Done: 0 added, 9 already invited, 0 failed, 1 all-day skipped ===
[2026-03-28T08:00:01.826624] === calendar_self_invite starting ===
[2026-03-28T08:00:03.357592] Fetched 10 events
[2026-03-28T08:00:03.361088] === Done: 0 added, 9 already invited, 0 failed, 1 all-day skipped ===
[2026-03-28T08:30:01.384402] === calendar_self_invite starting ===
[2026-03-28T08:30:02.459907] Fetched 10 events
[2026-03-28T08:30:02.460519] === Done: 0 added, 9 already invited, 0 failed, 1 all-day skipped ===
[2026-03-28T09:00:02.013486] === calendar_self_invite starting ===
[2026-03-28T09:00:03.330385] Fetched 10 events
[2026-03-28T09:00:03.330738] === Done: 0 added, 9 already invited, 0 failed, 1 all-day skipped ===
[2026-03-28T09:30:01.541275] === calendar_self_invite starting ===
[2026-03-28T09:30:02.821370] Fetched 10 events
[2026-03-28T09:30:02.821588] === Done: 0 added, 9 already invited, 0 failed, 1 all-day skipped ===
[2026-03-28T10:00:01.138782] === calendar_self_invite starting ===
[2026-03-28T10:00:02.332764] Fetched 10 events
[2026-03-28T10:00:02.333128] === Done: 0 added, 9 already invited, 0 failed, 1 all-day skipped ===
[2026-03-28T10:30:01.322096] === calendar_self_invite starting ===
[2026-03-28T10:30:02.628418] Fetched 10 events
[2026-03-28T10:30:02.628729] === Done: 0 added, 9 already invited, 0 failed, 1 all-day skipped ===
[2026-03-28T11:00:02.023768] === calendar_self_invite starting ===
[2026-03-28T11:00:03.245180] Fetched 10 events
[2026-03-28T11:00:03.245588] === Done: 0 added, 9 already invited, 0 failed, 1 all-day skipped ===
[2026-03-28T11:30:01.290082] === calendar_self_invite starting ===
[2026-03-28T11:30:02.478487] Fetched 10 events
[2026-03-28T11:30:02.479040] === Done: 0 added, 9 already invited, 0 failed, 1 all-day skipped ===
[2026-03-28T12:00:01.314775] === calendar_self_invite starting ===
[2026-03-28T12:00:02.457416] Fetched 10 events
[2026-03-28T12:00:02.457975] === Done: 0 added, 9 already invited, 0 failed, 1 all-day skipped ===
[2026-03-28T12:30:02.010066] === calendar_self_invite starting ===
[2026-03-28T12:30:03.048432] Fetched 10 events
[2026-03-28T12:30:03.048788] === Done: 0 added, 9 already invited, 0 failed, 1 all-day skipped ===
[2026-03-28T13:00:01.501578] === calendar_self_invite starting ===
[2026-03-28T13:00:02.894597] Fetched 10 events
[2026-03-28T13:00:02.894802] === Done: 0 added, 9 already invited, 0 failed, 1 all-day skipped ===
[2026-03-28T13:30:01.479765] === calendar_self_invite starting ===
[2026-03-28T13:30:02.572636] Fetched 10 events
[2026-03-28T13:30:02.572978] === Done: 0 added, 9 already invited, 0 failed, 1 all-day skipped ===
[2026-03-28T14:00:01.496434] === calendar_self_invite starting ===
[2026-03-28T14:00:02.572074] Fetched 10 events
[2026-03-28T14:00:02.572415] === Done: 0 added, 9 already invited, 0 failed, 1 all-day skipped ===
[2026-03-28T14:30:01.795737] === calendar_self_invite starting ===
[2026-03-28T14:30:02.958082] Fetched 10 events
[2026-03-28T14:30:02.958489] === Done: 0 added, 9 already invited, 0 failed, 1 all-day skipped ===
[2026-03-28T15:00:01.995086] === calendar_self_invite starting ===
[2026-03-28T15:00:03.137956] Fetched 10 events
[2026-03-28T15:00:03.138418] === Done: 0 added, 9 already invited, 0 failed, 1 all-day skipped ===
[2026-03-28T15:30:01.846411] === calendar_self_invite starting ===
[2026-03-28T15:30:03.035452] Fetched 10 events
[2026-03-28T15:30:03.035608] === Done: 0 added, 9 already invited, 0 failed, 1 all-day skipped ===
[2026-03-28T16:00:01.264380] === calendar_self_invite starting ===
[2026-03-28T16:00:02.364304] Fetched 10 events
[2026-03-28T16:00:02.364496] === Done: 0 added, 9 already invited, 0 failed, 1 all-day skipped ===
[2026-03-28T16:30:01.139194] === calendar_self_invite starting ===
[2026-03-28T16:30:02.207036] Fetched 10 events
[2026-03-28T16:30:02.207437] === Done: 0 added, 9 already invited, 0 failed, 1 all-day skipped ===
[2026-03-28T17:00:01.789344] === calendar_self_invite starting ===
[2026-03-28T17:00:02.845403] Fetched 10 events
[2026-03-28T17:00:02.845818] === Done: 0 added, 9 already invited, 0 failed, 1 all-day skipped ===
[2026-03-28T17:30:01.492277] === calendar_self_invite starting ===
[2026-03-28T17:30:02.700255] Fetched 10 events
[2026-03-28T17:30:02.700604] === Done: 0 added, 9 already invited, 0 failed, 1 all-day skipped ===
[2026-03-28T18:00:01.756435] === calendar_self_invite starting ===
[2026-03-28T18:00:02.845719] Fetched 10 events
[2026-03-28T18:00:02.845937] === Done: 0 added, 9 already invited, 0 failed, 1 all-day skipped ===
[2026-03-28T18:30:01.495633] === calendar_self_invite starting ===
[2026-03-28T18:30:02.585276] Fetched 10 events
[2026-03-28T18:30:02.585762] === Done: 0 added, 9 already invited, 0 failed, 1 all-day skipped ===
[2026-03-28T19:00:01.495247] === calendar_self_invite starting ===
[2026-03-28T19:00:02.477956] Fetched 10 events
[2026-03-28T19:00:02.478170] === Done: 0 added, 9 already invited, 0 failed, 1 all-day skipped ===
[2026-03-28T19:30:01.790215] === calendar_self_invite starting ===
[2026-03-28T19:30:02.933918] Fetched 10 events
[2026-03-28T19:30:02.934119] === Done: 0 added, 9 already invited, 0 failed, 1 all-day skipped ===
[2026-03-28T20:00:01.962673] === calendar_self_invite starting ===
[2026-03-28T20:00:03.039247] Fetched 10 events
[2026-03-28T20:00:03.039449] === Done: 0 added, 9 already invited, 0 failed, 1 all-day skipped ===
[2026-03-28T20:30:01.822188] === calendar_self_invite starting ===
[2026-03-28T20:30:02.921758] Fetched 10 events
[2026-03-28T20:30:02.922186] === Done: 0 added, 9 already invited, 0 failed, 1 all-day skipped ===
[2026-03-28T21:00:01.859339] === calendar_self_invite starting ===
[2026-03-28T21:00:03.034530] Fetched 10 events
[2026-03-28T21:00:03.034776] === Done: 0 added, 9 already invited, 0 failed, 1 all-day skipped ===
[2026-03-28T21:30:01.622989] === calendar_self_invite starting ===
[2026-03-28T21:30:02.818494] Fetched 10 events
[2026-03-28T21:30:02.819055] === Done: 0 added, 9 already invited, 0 failed, 1 all-day skipped ===
[2026-03-28T22:00:01.944313] === calendar_self_invite starting ===
[2026-03-28T22:00:03.010842] Fetched 10 events
[2026-03-28T22:00:03.011042] === Done: 0 added, 9 already invited, 0 failed, 1 all-day skipped ===
[2026-03-28T22:30:01.984454] === calendar_self_invite starting ===
[2026-03-28T22:30:03.012579] Fetched 10 events
[2026-03-28T22:30:03.012931] === Done: 0 added, 9 already invited, 0 failed, 1 all-day skipped ===
[2026-03-28T23:00:01.880984] === calendar_self_invite starting ===
[2026-03-28T23:00:03.052936] Fetched 10 events
[2026-03-28T23:00:03.053131] === Done: 0 added, 9 already invited, 0 failed, 1 all-day skipped ===
[2026-03-28T23:30:01.703882] === calendar_self_invite starting ===
[2026-03-28T23:30:02.775512] Fetched 10 events
[2026-03-28T23:30:02.775699] === Done: 0 added, 9 already invited, 0 failed, 1 all-day skipped ===
[2026-03-29T00:00:01.489475] === calendar_self_invite starting ===
[2026-03-29T00:00:02.641529] Fetched 10 events
[2026-03-29T00:00:02.641701] === Done: 0 added, 9 already invited, 0 failed, 1 all-day skipped ===
[2026-03-29T00:30:01.128645] === calendar_self_invite starting ===
[2026-03-29T00:30:02.175662] Fetched 10 events
[2026-03-29T00:30:02.176029] === Done: 0 added, 9 already invited, 0 failed, 1 all-day skipped ===
[2026-03-29T01:00:01.969048] === calendar_self_invite starting ===
[2026-03-29T01:00:03.028901] Fetched 10 events
[2026-03-29T01:00:03.029107] === Done: 0 added, 9 already invited, 0 failed, 1 all-day skipped ===
[2026-03-29T01:30:01.528095] === calendar_self_invite starting ===
[2026-03-29T01:30:02.566429] Fetched 10 events
[2026-03-29T01:30:02.566769] === Done: 0 added, 9 already invited, 0 failed, 1 all-day skipped ===
[2026-03-29T02:00:01.765366] === calendar_self_invite starting ===
[2026-03-29T02:00:02.910116] Fetched 10 events
[2026-03-29T02:00:02.910476] === Done: 0 added, 9 already invited, 0 failed, 1 all-day skipped ===
[2026-03-29T02:30:01.508765] === calendar_self_invite starting ===
[2026-03-29T02:30:02.623050] Fetched 10 events
[2026-03-29T02:30:02.623399] === Done: 0 added, 9 already invited, 0 failed, 1 all-day skipped ===
[2026-03-29T03:00:02.007638] === calendar_self_invite starting ===
[2026-03-29T03:00:03.091966] Fetched 10 events
[2026-03-29T03:00:03.092174] === Done: 0 added, 9 already invited, 0 failed, 1 all-day skipped ===
[2026-03-29T03:30:01.662424] === calendar_self_invite starting ===
[2026-03-29T03:30:11.702881] ERROR fetching events: failed to get primary calendar: Get "https://www.googleapis.com/calendar/v3/users/me/calendarList/primary?alt=json&prettyPrint=false": round trip: Post "https://oauth2.googleapis.com/token": dial tcp: lookup oauth2.googleapis.com on 127.0.0.53:53: read udp 127.0.0.1:60661->127.0.0.53:53: i/o timeout

[2026-03-29T03:30:11.703124] Fetched 0 events
[2026-03-29T03:30:11.703624] === Done: 0 added, 0 already invited, 0 failed, 0 all-day skipped ===
[2026-03-29T04:00:01.610729] === calendar_self_invite starting ===
[2026-03-29T04:00:11.660975] ERROR fetching events: failed to get primary calendar: Get "https://www.googleapis.com/calendar/v3/users/me/calendarList/primary?alt=json&prettyPrint=false": round trip: Post "https://oauth2.googleapis.com/token": dial tcp: lookup oauth2.googleapis.com on 127.0.0.53:53: read udp 127.0.0.1:34148->127.0.0.53:53: i/o timeout

[2026-03-29T04:00:11.661202] Fetched 0 events
[2026-03-29T04:00:11.661588] === Done: 0 added, 0 already invited, 0 failed, 0 all-day skipped ===
[2026-03-29T05:00:01.336459] === calendar_self_invite starting ===
[2026-03-29T05:00:02.412178] Fetched 10 events
[2026-03-29T05:00:02.412378] === Done: 0 added, 9 already invited, 0 failed, 1 all-day skipped ===
[2026-03-29T05:30:01.871969] === calendar_self_invite starting ===
[2026-03-29T05:30:02.942086] Fetched 10 events
[2026-03-29T05:30:02.942274] === Done: 0 added, 9 already invited, 0 failed, 1 all-day skipped ===
[2026-03-29T06:00:01.303475] === calendar_self_invite starting ===
[2026-03-29T06:00:02.446079] Fetched 10 events
[2026-03-29T06:00:02.446477] === Done: 0 added, 9 already invited, 0 failed, 1 all-day skipped ===
[2026-03-29T06:30:01.660329] === calendar_self_invite starting ===
[2026-03-29T06:30:02.817538] Fetched 10 events
[2026-03-29T06:30:02.817727] === Done: 0 added, 9 already invited, 0 failed, 1 all-day skipped ===
[2026-03-29T07:00:01.894948] === calendar_self_invite starting ===
[2026-03-29T07:00:02.980244] Fetched 10 events
[2026-03-29T07:00:02.980599] === Done: 0 added, 9 already invited, 0 failed, 1 all-day skipped ===
[2026-03-29T07:30:01.815480] === calendar_self_invite starting ===
[2026-03-29T07:30:03.053374] Fetched 10 events
[2026-03-29T07:30:03.053683] === Done: 0 added, 9 already invited, 0 failed, 1 all-day skipped ===
[2026-03-29T08:00:01.661374] === calendar_self_invite starting ===
[2026-03-29T08:00:02.861829] Fetched 10 events
[2026-03-29T08:00:02.862126] === Done: 0 added, 9 already invited, 0 failed, 1 all-day skipped ===
[2026-03-29T08:30:01.075547] === calendar_self_invite starting ===
[2026-03-29T08:30:02.160223] Fetched 10 events
[2026-03-29T08:30:02.160679] === Done: 0 added, 9 already invited, 0 failed, 1 all-day skipped ===
[2026-03-29T09:00:01.777992] === calendar_self_invite starting ===
[2026-03-29T09:00:02.922207] Fetched 10 events
[2026-03-29T09:00:02.922795] === Done: 0 added, 9 already invited, 0 failed, 1 all-day skipped ===
[2026-03-29T09:30:01.501970] === calendar_self_invite starting ===
[2026-03-29T09:30:02.582802] Fetched 10 events
[2026-03-29T09:30:02.582968] === Done: 0 added, 9 already invited, 0 failed, 1 all-day skipped ===
[2026-03-29T10:00:01.703091] === calendar_self_invite starting ===
[2026-03-29T10:00:03.026596] Fetched 10 events
[2026-03-29T10:00:03.026790] === Done: 0 added, 9 already invited, 0 failed, 1 all-day skipped ===
[2026-03-29T10:30:24.433853] === calendar_self_invite starting ===
[2026-03-29T10:33:38.669200] ERROR fetching events: failed to get primary calendar: Get "https://www.googleapis.com/calendar/v3/users/me/calendarList/primary?alt=json&prettyPrint=false": round trip: Post "https://oauth2.googleapis.com/token": context deadline exceeded (Client.Timeout exceeded while awaiting headers) (Client.Timeout exceeded while awaiting headers)

[2026-03-29T10:33:38.719853] Fetched 0 events
[2026-03-29T10:33:38.753538] === Done: 0 added, 0 already invited, 0 failed, 0 all-day skipped ===
[2026-03-29T11:00:02.018619] === calendar_self_invite starting ===
[2026-03-29T11:00:03.264748] Fetched 10 events
[2026-03-29T11:00:03.264946] === Done: 0 added, 9 already invited, 0 failed, 1 all-day skipped ===
[2026-03-29T11:30:01.877911] === calendar_self_invite starting ===
[2026-03-29T11:30:03.057762] Fetched 10 events
[2026-03-29T11:30:03.058096] === Done: 0 added, 9 already invited, 0 failed, 1 all-day skipped ===
[2026-03-29T12:00:01.255448] === calendar_self_invite starting ===
[2026-03-29T12:00:02.482530] Fetched 10 events
[2026-03-29T12:00:02.482892] === Done: 0 added, 9 already invited, 0 failed, 1 all-day skipped ===
[2026-03-29T12:30:01.558659] === calendar_self_invite starting ===
[2026-03-29T12:30:02.721157] Fetched 10 events
[2026-03-29T12:30:02.721568] === Done: 0 added, 9 already invited, 0 failed, 1 all-day skipped ===
[2026-03-29T13:00:01.751404] === calendar_self_invite starting ===
[2026-03-29T13:00:02.951788] Fetched 10 events
[2026-03-29T13:00:02.952176] === Done: 0 added, 9 already invited, 0 failed, 1 all-day skipped ===
[2026-03-29T13:30:01.769299] === calendar_self_invite starting ===
[2026-03-29T13:30:02.907905] Fetched 10 events
[2026-03-29T13:30:02.908111] === Done: 0 added, 9 already invited, 0 failed, 1 all-day skipped ===
[2026-03-29T14:00:01.221028] === calendar_self_invite starting ===
[2026-03-29T14:00:02.314612] Fetched 10 events
[2026-03-29T14:00:02.314922] === Done: 0 added, 9 already invited, 0 failed, 1 all-day skipped ===
[2026-03-29T14:30:01.717523] === calendar_self_invite starting ===
[2026-03-29T14:30:02.825505] Fetched 10 events
[2026-03-29T14:30:02.826210] === Done: 0 added, 9 already invited, 0 failed, 1 all-day skipped ===
[2026-03-29T15:00:01.409559] === calendar_self_invite starting ===
[2026-03-29T15:00:02.474536] Fetched 10 events
[2026-03-29T15:00:02.474874] === Done: 0 added, 9 already invited, 0 failed, 1 all-day skipped ===
[2026-03-29T15:30:01.344483] === calendar_self_invite starting ===
[2026-03-29T15:30:02.544900] Fetched 10 events
[2026-03-29T15:30:02.545247] === Done: 0 added, 9 already invited, 0 failed, 1 all-day skipped ===
[2026-03-29T16:00:01.237484] === calendar_self_invite starting ===
[2026-03-29T16:00:02.381360] Fetched 10 events
[2026-03-29T16:00:02.381557] === Done: 0 added, 9 already invited, 0 failed, 1 all-day skipped ===
[2026-03-29T16:30:01.595523] === calendar_self_invite starting ===
[2026-03-29T16:30:02.686915] Fetched 10 events
[2026-03-29T16:30:02.687081] === Done: 0 added, 9 already invited, 0 failed, 1 all-day skipped ===
[2026-03-29T17:00:01.342392] === calendar_self_invite starting ===
[2026-03-29T17:00:02.561188] Fetched 10 events
[2026-03-29T17:00:02.561379] === Done: 0 added, 9 already invited, 0 failed, 1 all-day skipped ===
[2026-03-29T17:30:01.837524] === calendar_self_invite starting ===
[2026-03-29T17:30:02.992074] Fetched 10 events
[2026-03-29T17:30:02.992259] === Done: 0 added, 9 already invited, 0 failed, 1 all-day skipped ===
[2026-03-29T18:00:01.403932] === calendar_self_invite starting ===
[2026-03-29T18:00:02.519601] Fetched 10 events
[2026-03-29T18:00:02.519931] === Done: 0 added, 9 already invited, 0 failed, 1 all-day skipped ===
[2026-03-29T18:30:01.541655] === calendar_self_invite starting ===
[2026-03-29T18:30:02.650138] Fetched 10 events
[2026-03-29T18:30:02.650449] === Done: 0 added, 9 already invited, 0 failed, 1 all-day skipped ===
[2026-03-29T19:00:01.427997] === calendar_self_invite starting ===
[2026-03-29T19:00:02.454739] Fetched 10 events
[2026-03-29T19:00:02.455078] === Done: 0 added, 9 already invited, 0 failed, 1 all-day skipped ===
[2026-03-29T19:30:01.305259] === calendar_self_invite starting ===
[2026-03-29T19:30:02.447200] Fetched 10 events
[2026-03-29T19:30:02.447542] === Done: 0 added, 9 already invited, 0 failed, 1 all-day skipped ===
[2026-03-29T20:00:01.310794] === calendar_self_invite starting ===
[2026-03-29T20:00:02.391594] Fetched 10 events
[2026-03-29T20:00:02.391786] === Done: 0 added, 9 already invited, 0 failed, 1 all-day skipped ===
[2026-03-29T20:30:01.950901] === calendar_self_invite starting ===
[2026-03-29T20:30:02.976889] Fetched 10 events
[2026-03-29T20:30:02.977234] === Done: 0 added, 9 already invited, 0 failed, 1 all-day skipped ===
[2026-03-29T21:00:01.512935] === calendar_self_invite starting ===
[2026-03-29T21:00:02.550233] Fetched 10 events
[2026-03-29T21:00:02.550422] === Done: 0 added, 9 already invited, 0 failed, 1 all-day skipped ===
[2026-03-29T21:30:01.775592] === calendar_self_invite starting ===
[2026-03-29T21:30:02.917179] Fetched 10 events
[2026-03-29T21:30:02.917549] === Done: 0 added, 9 already invited, 0 failed, 1 all-day skipped ===
[2026-03-29T22:00:01.096846] === calendar_self_invite starting ===
[2026-03-29T22:00:02.265453] Fetched 10 events
[2026-03-29T22:00:02.265667] === Done: 0 added, 9 already invited, 0 failed, 1 all-day skipped ===
[2026-03-29T22:30:01.694005] === calendar_self_invite starting ===
[2026-03-29T22:30:02.822357] Fetched 10 events
[2026-03-29T22:30:02.822542] === Done: 0 added, 9 already invited, 0 failed, 1 all-day skipped ===
[2026-03-29T23:00:01.969025] === calendar_self_invite starting ===
[2026-03-29T23:00:03.131977] Fetched 10 events
[2026-03-29T23:00:03.132337] === Done: 0 added, 9 already invited, 0 failed, 1 all-day skipped ===
[2026-03-29T23:30:01.963180] === calendar_self_invite starting ===
[2026-03-29T23:30:03.184783] Fetched 10 events
[2026-03-29T23:30:03.185118] === Done: 0 added, 9 already invited, 0 failed, 1 all-day skipped ===
[2026-03-30T00:00:01.721746] === calendar_self_invite starting ===
[2026-03-30T00:00:02.933492] Fetched 10 events
[2026-03-30T00:00:02.933666] === Done: 0 added, 9 already invited, 0 failed, 1 all-day skipped ===
[2026-03-30T00:30:01.544837] === calendar_self_invite starting ===
[2026-03-30T00:30:02.657520] Fetched 10 events
[2026-03-30T00:30:02.657823] === Done: 0 added, 9 already invited, 0 failed, 1 all-day skipped ===
[2026-03-30T01:00:01.118988] === calendar_self_invite starting ===
[2026-03-30T01:00:02.415446] Fetched 10 events
[2026-03-30T01:00:02.415633] === Done: 0 added, 9 already invited, 0 failed, 1 all-day skipped ===
[2026-03-30T01:30:01.090492] === calendar_self_invite starting ===
[2026-03-30T01:30:02.225324] Fetched 10 events
[2026-03-30T01:30:02.225662] === Done: 0 added, 9 already invited, 0 failed, 1 all-day skipped ===
[2026-03-30T02:00:01.402422] === calendar_self_invite starting ===
[2026-03-30T02:00:02.599064] Fetched 10 events
[2026-03-30T02:00:02.599370] === Done: 0 added, 9 already invited, 0 failed, 1 all-day skipped ===
[2026-03-30T02:30:01.414543] === calendar_self_invite starting ===
[2026-03-30T02:30:02.668807] Fetched 10 events
[2026-03-30T02:30:02.669137] === Done: 0 added, 9 already invited, 0 failed, 1 all-day skipped ===
[2026-03-30T03:00:01.590661] === calendar_self_invite starting ===
[2026-03-30T03:00:02.778273] Fetched 10 events
[2026-03-30T03:00:02.778596] === Done: 0 added, 9 already invited, 0 failed, 1 all-day skipped ===
[2026-03-30T03:30:01.810180] === calendar_self_invite starting ===
[2026-03-30T03:30:03.097433] Fetched 10 events
[2026-03-30T03:30:03.097628] === Done: 0 added, 9 already invited, 0 failed, 1 all-day skipped ===
[2026-03-30T04:00:01.377581] === calendar_self_invite starting ===
[2026-03-30T04:00:02.903283] Fetched 10 events
[2026-03-30T04:00:02.903499] === Done: 0 added, 9 already invited, 0 failed, 1 all-day skipped ===
[2026-03-30T04:30:01.164286] === calendar_self_invite starting ===
[2026-03-30T04:30:02.699026] Fetched 10 events
[2026-03-30T04:30:02.699388] === Done: 0 added, 9 already invited, 0 failed, 1 all-day skipped ===
[2026-03-30T05:00:01.274342] === calendar_self_invite starting ===
[2026-03-30T05:00:02.670614] Fetched 10 events
[2026-03-30T05:00:02.670797] === Done: 0 added, 9 already invited, 0 failed, 1 all-day skipped ===
[2026-03-30T05:30:01.779179] === calendar_self_invite starting ===
[2026-03-30T05:30:03.089976] Fetched 10 events
[2026-03-30T05:30:03.090452] === Done: 0 added, 9 already invited, 0 failed, 1 all-day skipped ===
[2026-03-30T06:00:01.173743] === calendar_self_invite starting ===
[2026-03-30T06:00:02.784772] Fetched 10 events
[2026-03-30T06:00:02.785308] === Done: 0 added, 9 already invited, 0 failed, 1 all-day skipped ===
[2026-03-30T06:30:01.134108] === calendar_self_invite starting ===
[2026-03-30T06:30:02.541050] Fetched 10 events
[2026-03-30T06:30:02.541448] === Done: 0 added, 9 already invited, 0 failed, 1 all-day skipped ===
[2026-03-30T07:00:01.537696] === calendar_self_invite starting ===
[2026-03-30T07:00:03.228393] Fetched 10 events
[2026-03-30T07:00:03.228864] === Done: 0 added, 9 already invited, 0 failed, 1 all-day skipped ===
[2026-03-30T07:30:01.088745] === calendar_self_invite starting ===
[2026-03-30T07:30:02.390935] Fetched 10 events
[2026-03-30T07:30:02.391470] === Done: 0 added, 9 already invited, 0 failed, 1 all-day skipped ===
[2026-03-30T08:00:01.997097] === calendar_self_invite starting ===
[2026-03-30T08:00:03.512484] Fetched 10 events
[2026-03-30T08:00:03.512924] === Done: 0 added, 9 already invited, 0 failed, 1 all-day skipped ===
[2026-03-30T08:30:01.304195] === calendar_self_invite starting ===
[2026-03-30T08:30:02.594211] Fetched 10 events
[2026-03-30T08:30:02.594672] === Done: 0 added, 9 already invited, 0 failed, 1 all-day skipped ===
[2026-03-30T09:00:01.831904] === calendar_self_invite starting ===
[2026-03-30T09:00:03.323096] Fetched 10 events
[2026-03-30T09:00:03.323311] === Done: 0 added, 9 already invited, 0 failed, 1 all-day skipped ===
[2026-03-30T09:30:01.514596] === calendar_self_invite starting ===
[2026-03-30T09:30:02.751809] Fetched 10 events
[2026-03-30T09:30:02.751870]   Event: 'Meeting with Philip' — not invited, adding...
[2026-03-30T09:30:05.727495]   ✅ Added to 'Meeting with Philip' (43nukb1r3qj0qbamcef7bq6sm8)
[2026-03-30T09:30:05.727731] === Done: 1 added, 8 already invited, 0 failed, 1 all-day skipped ===
[2026-03-30T10:00:01.961384] === calendar_self_invite starting ===
[2026-03-30T10:00:03.400173] Fetched 10 events
[2026-03-30T10:00:03.400471] === Done: 0 added, 9 already invited, 0 failed, 1 all-day skipped ===
[2026-03-30T10:30:01.508446] === calendar_self_invite starting ===
[2026-03-30T10:30:02.921300] Fetched 10 events
[2026-03-30T10:30:02.921641] === Done: 0 added, 8 already invited, 0 failed, 2 all-day skipped ===
[2026-03-30T11:00:01.178268] === calendar_self_invite starting ===
[2026-03-30T11:00:02.508781] Fetched 10 events
[2026-03-30T11:00:02.508980] === Done: 0 added, 8 already invited, 0 failed, 2 all-day skipped ===
[2026-03-30T11:30:01.111019] === calendar_self_invite starting ===
[2026-03-30T11:30:02.850659] Fetched 10 events
[2026-03-30T11:30:02.850771]   Event: 'Philip & Christian – 1:1 Intro Touch Base' — not invited, adding...
[2026-03-30T11:30:06.340782]   ✅ Added to 'Philip & Christian – 1:1 Intro Touch Base' (23m7u50mffq6fh3kshvjke91ru)
[2026-03-30T11:30:06.341133] === Done: 1 added, 8 already invited, 0 failed, 1 all-day skipped ===
[2026-03-30T12:00:01.075337] === calendar_self_invite starting ===
[2026-03-30T12:00:02.499508] Fetched 10 events
[2026-03-30T12:00:02.499956] === Done: 0 added, 9 already invited, 0 failed, 1 all-day skipped ===
[2026-03-30T12:30:01.644276] === calendar_self_invite starting ===
[2026-03-30T12:30:02.929385] Fetched 10 events
[2026-03-30T12:30:02.929714] === Done: 0 added, 8 already invited, 0 failed, 2 all-day skipped ===
[2026-03-30T13:00:01.779205] === calendar_self_invite starting ===
[2026-03-30T13:00:04.226370] Fetched 10 events
[2026-03-30T13:00:04.226584] === Done: 0 added, 8 already invited, 0 failed, 2 all-day skipped ===
[2026-03-30T13:30:01.416165] === calendar_self_invite starting ===
[2026-03-30T13:30:02.640503] Fetched 10 events
[2026-03-30T13:30:02.640866] === Done: 0 added, 8 already invited, 0 failed, 2 all-day skipped ===
[2026-03-30T14:00:01.924137] === calendar_self_invite starting ===
[2026-03-30T14:00:03.484256] Fetched 10 events
[2026-03-30T14:00:03.484953] === Done: 0 added, 8 already invited, 0 failed, 2 all-day skipped ===
[2026-03-30T14:30:01.772867] === calendar_self_invite starting ===
[2026-03-30T14:30:03.067872] Fetched 10 events
[2026-03-30T14:30:03.068198] === Done: 0 added, 8 already invited, 0 failed, 2 all-day skipped ===
[2026-03-30T15:00:01.705636] === calendar_self_invite starting ===
[2026-03-30T15:00:03.054988] Fetched 10 events
[2026-03-30T15:00:03.055545] === Done: 0 added, 8 already invited, 0 failed, 2 all-day skipped ===
[2026-03-30T15:30:01.413096] === calendar_self_invite starting ===
[2026-03-30T15:30:02.708105] Fetched 10 events
[2026-03-30T15:30:02.708551] === Done: 0 added, 8 already invited, 0 failed, 2 all-day skipped ===
[2026-03-30T16:00:01.348598] === calendar_self_invite starting ===
[2026-03-30T16:00:02.631168] Fetched 10 events
[2026-03-30T16:00:02.631591] === Done: 0 added, 8 already invited, 0 failed, 2 all-day skipped ===
[2026-03-30T16:30:01.074904] === calendar_self_invite starting ===
[2026-03-30T16:30:02.231393] Fetched 10 events
[2026-03-30T16:30:02.231877] === Done: 0 added, 8 already invited, 0 failed, 2 all-day skipped ===
[2026-03-30T17:00:01.128010] === calendar_self_invite starting ===
[2026-03-30T17:00:02.311997] Fetched 10 events
[2026-03-30T17:00:02.312529] === Done: 0 added, 8 already invited, 0 failed, 2 all-day skipped ===
[2026-03-30T17:30:01.095876] === calendar_self_invite starting ===
[2026-03-30T17:30:02.210234] Fetched 10 events
[2026-03-30T17:30:02.210652] === Done: 0 added, 8 already invited, 0 failed, 2 all-day skipped ===
[2026-03-30T18:00:01.432577] === calendar_self_invite starting ===
[2026-03-30T18:00:02.747532] Fetched 10 events
[2026-03-30T18:00:02.748002] === Done: 0 added, 8 already invited, 0 failed, 2 all-day skipped ===
[2026-03-30T18:30:01.405158] === calendar_self_invite starting ===
[2026-03-30T18:30:02.629327] Fetched 10 events
[2026-03-30T18:30:02.629879] === Done: 0 added, 8 already invited, 0 failed, 2 all-day skipped ===
[2026-03-30T19:00:02.016132] === calendar_self_invite starting ===
[2026-03-30T19:00:03.198100] Fetched 10 events
[2026-03-30T19:00:03.198476] === Done: 0 added, 8 already invited, 0 failed, 2 all-day skipped ===
[2026-03-30T19:30:01.153821] === calendar_self_invite starting ===
[2026-03-30T19:30:02.249587] Fetched 10 events
[2026-03-30T19:30:02.249985] === Done: 0 added, 8 already invited, 0 failed, 2 all-day skipped ===
[2026-03-30T20:00:01.227277] === calendar_self_invite starting ===
[2026-03-30T20:00:02.447823] Fetched 10 events
[2026-03-30T20:00:02.448396] === Done: 0 added, 8 already invited, 0 failed, 2 all-day skipped ===
[2026-03-30T20:30:07.436763] === calendar_self_invite starting ===
[2026-03-30T20:30:08.748646] Fetched 10 events
[2026-03-30T20:30:08.749237] === Done: 0 added, 8 already invited, 0 failed, 2 all-day skipped ===
[2026-03-30T21:00:01.320261] === calendar_self_invite starting ===
[2026-03-30T21:00:02.544543] Fetched 10 events
[2026-03-30T21:00:02.544944] === Done: 0 added, 8 already invited, 0 failed, 2 all-day skipped ===
[2026-03-30T21:30:01.444781] === calendar_self_invite starting ===
[2026-03-30T21:30:02.706525] Fetched 10 events
[2026-03-30T21:30:02.706990] === Done: 0 added, 8 already invited, 0 failed, 2 all-day skipped ===
[2026-03-30T22:00:02.037952] === calendar_self_invite starting ===
[2026-03-30T22:00:03.270659] Fetched 10 events
[2026-03-30T22:00:03.270855] === Done: 0 added, 8 already invited, 0 failed, 2 all-day skipped ===
[2026-03-30T22:30:01.397775] === calendar_self_invite starting ===
[2026-03-30T22:30:02.428095] Fetched 10 events
[2026-03-30T22:30:02.428305] === Done: 0 added, 8 already invited, 0 failed, 2 all-day skipped ===
[2026-03-30T23:00:01.679587] === calendar_self_invite starting ===
[2026-03-30T23:00:02.779428] Fetched 10 events
[2026-03-30T23:00:02.779632] === Done: 0 added, 8 already invited, 0 failed, 2 all-day skipped ===
[2026-03-30T23:30:01.831955] === calendar_self_invite starting ===
[2026-03-30T23:30:02.835625] Fetched 10 events
[2026-03-30T23:30:02.835828] === Done: 0 added, 8 already invited, 0 failed, 2 all-day skipped ===
[2026-03-31T00:00:01.786947] === calendar_self_invite starting ===
[2026-03-31T00:00:02.892009] Fetched 10 events
[2026-03-31T00:00:02.892221] === Done: 0 added, 8 already invited, 0 failed, 2 all-day skipped ===
[2026-03-31T00:30:01.460968] === calendar_self_invite starting ===
[2026-03-31T00:30:02.547259] Fetched 10 events
[2026-03-31T00:30:02.547445] === Done: 0 added, 8 already invited, 0 failed, 2 all-day skipped ===
[2026-03-31T01:00:01.505714] === calendar_self_invite starting ===
[2026-03-31T01:00:02.911211] Fetched 10 events
[2026-03-31T01:00:02.911429] === Done: 0 added, 8 already invited, 0 failed, 2 all-day skipped ===
[2026-03-31T01:30:01.269877] === calendar_self_invite starting ===
[2026-03-31T01:30:02.431977] Fetched 10 events
[2026-03-31T01:30:02.432332] === Done: 0 added, 8 already invited, 0 failed, 2 all-day skipped ===
[2026-03-31T02:00:01.486580] === calendar_self_invite starting ===
[2026-03-31T02:00:02.674256] Fetched 10 events
[2026-03-31T02:00:02.674418] === Done: 0 added, 8 already invited, 0 failed, 2 all-day skipped ===
[2026-03-31T02:30:01.808836] === calendar_self_invite starting ===
[2026-03-31T02:30:03.074904] Fetched 10 events
[2026-03-31T02:30:03.075099] === Done: 0 added, 8 already invited, 0 failed, 2 all-day skipped ===
[2026-03-31T03:00:01.976118] === calendar_self_invite starting ===
[2026-03-31T03:00:03.222089] Fetched 10 events
[2026-03-31T03:00:03.222266] === Done: 0 added, 8 already invited, 0 failed, 2 all-day skipped ===
[2026-03-31T03:30:01.579371] === calendar_self_invite starting ===
[2026-03-31T03:30:03.294596] Fetched 10 events
[2026-03-31T03:30:03.294839] === Done: 0 added, 8 already invited, 0 failed, 2 all-day skipped ===
[2026-03-31T04:00:02.043563] === calendar_self_invite starting ===
[2026-03-31T04:00:03.250487] Fetched 10 events
[2026-03-31T04:00:03.250802] === Done: 0 added, 8 already invited, 0 failed, 2 all-day skipped ===
[2026-03-31T04:30:01.429921] === calendar_self_invite starting ===
[2026-03-31T04:30:02.652833] Fetched 10 events
[2026-03-31T04:30:02.653446] === Done: 0 added, 8 already invited, 0 failed, 2 all-day skipped ===
[2026-03-31T05:00:01.210157] === calendar_self_invite starting ===
[2026-03-31T05:00:02.484881] Fetched 10 events
[2026-03-31T05:00:02.485314] === Done: 0 added, 8 already invited, 0 failed, 2 all-day skipped ===
[2026-03-31T05:30:01.181874] === calendar_self_invite starting ===
[2026-03-31T05:30:02.476818] Fetched 10 events
[2026-03-31T05:30:02.477180] === Done: 0 added, 8 already invited, 0 failed, 2 all-day skipped ===
[2026-03-31T06:00:01.923291] === calendar_self_invite starting ===
[2026-03-31T06:00:03.401062] Fetched 10 events
[2026-03-31T06:00:03.401617] === Done: 0 added, 8 already invited, 0 failed, 2 all-day skipped ===
[2026-03-31T06:30:01.418896] === calendar_self_invite starting ===
[2026-03-31T06:30:02.739981] Fetched 10 events
[2026-03-31T06:30:02.740373] === Done: 0 added, 8 already invited, 0 failed, 2 all-day skipped ===
[2026-03-31T07:00:01.884503] === calendar_self_invite starting ===
[2026-03-31T07:00:03.300550] Fetched 10 events
[2026-03-31T07:00:03.300927] === Done: 0 added, 8 already invited, 0 failed, 2 all-day skipped ===
[2026-03-31T07:30:02.038992] === calendar_self_invite starting ===
[2026-03-31T07:30:03.359010] Fetched 10 events
[2026-03-31T07:30:03.359432] === Done: 0 added, 8 already invited, 0 failed, 2 all-day skipped ===
[2026-03-31T08:00:01.398482] === calendar_self_invite starting ===
[2026-03-31T08:00:02.732108] Fetched 10 events
[2026-03-31T08:00:02.732459] === Done: 0 added, 8 already invited, 0 failed, 2 all-day skipped ===
[2026-03-31T08:30:01.125745] === calendar_self_invite starting ===
[2026-03-31T08:30:02.438671] Fetched 10 events
[2026-03-31T08:30:02.439135] === Done: 0 added, 8 already invited, 0 failed, 2 all-day skipped ===
[2026-03-31T09:00:01.966949] === calendar_self_invite starting ===
[2026-03-31T09:00:03.360763] Fetched 10 events
[2026-03-31T09:00:03.361128] === Done: 0 added, 8 already invited, 0 failed, 2 all-day skipped ===
[2026-03-31T09:30:01.419571] === calendar_self_invite starting ===
[2026-03-31T09:30:03.127730] Fetched 10 events
[2026-03-31T09:30:03.128152] === Done: 0 added, 8 already invited, 0 failed, 2 all-day skipped ===
[2026-03-31T10:00:01.230431] === calendar_self_invite starting ===
[2026-03-31T10:00:02.637681] Fetched 10 events
[2026-03-31T10:00:02.638180] === Done: 0 added, 7 already invited, 0 failed, 3 all-day skipped ===
[2026-03-31T10:30:01.914469] === calendar_self_invite starting ===
[2026-03-31T10:30:03.048439] Fetched 10 events
[2026-03-31T10:30:03.048864] === Done: 0 added, 7 already invited, 0 failed, 3 all-day skipped ===
[2026-03-31T11:00:01.806491] === calendar_self_invite starting ===
[2026-03-31T11:00:03.210815] Fetched 10 events
[2026-03-31T11:00:03.211247] === Done: 0 added, 7 already invited, 0 failed, 3 all-day skipped ===
[2026-03-31T11:30:01.382931] === calendar_self_invite starting ===
[2026-03-31T11:30:02.665620] Fetched 10 events
[2026-03-31T11:30:02.666096] === Done: 0 added, 7 already invited, 0 failed, 3 all-day skipped ===
[2026-03-31T12:00:01.125460] === calendar_self_invite starting ===
[2026-03-31T12:00:02.465712] Fetched 10 events
[2026-03-31T12:00:02.466081] === Done: 0 added, 7 already invited, 0 failed, 3 all-day skipped ===
[2026-03-31T12:30:01.996357] === calendar_self_invite starting ===
[2026-03-31T12:30:03.270823] Fetched 10 events
[2026-03-31T12:30:03.271273] === Done: 0 added, 7 already invited, 0 failed, 3 all-day skipped ===
[2026-03-31T13:00:01.750431] === calendar_self_invite starting ===
[2026-03-31T13:00:03.024935] Fetched 10 events
[2026-03-31T13:00:03.025316] === Done: 0 added, 7 already invited, 0 failed, 3 all-day skipped ===
[2026-03-31T13:30:01.162212] === calendar_self_invite starting ===
[2026-03-31T13:30:02.423911] Fetched 10 events
[2026-03-31T13:30:02.424280] === Done: 0 added, 7 already invited, 0 failed, 3 all-day skipped ===
[2026-03-31T14:00:01.068580] === calendar_self_invite starting ===
[2026-03-31T14:00:02.334697] Fetched 10 events
[2026-03-31T14:00:02.335088] === Done: 0 added, 7 already invited, 0 failed, 3 all-day skipped ===
[2026-03-31T14:30:01.779154] === calendar_self_invite starting ===
[2026-03-31T14:30:02.958554] Fetched 10 events
[2026-03-31T14:30:02.958709]   Event: 'R&D Backlog Refinement' — not invited, adding...
[2026-03-31T14:30:05.909697]   ✅ Added to 'R&D Backlog Refinement' (5u1vso2l6r394r20on7jimfhde)
[2026-03-31T14:30:05.910154] === Done: 1 added, 6 already invited, 0 failed, 3 all-day skipped ===
[2026-03-31T15:00:01.663487] === calendar_self_invite starting ===
[2026-03-31T15:00:02.946224] Fetched 10 events
[2026-03-31T15:00:02.946774] === Done: 0 added, 7 already invited, 0 failed, 3 all-day skipped ===
[2026-03-31T15:30:01.474577] === calendar_self_invite starting ===
[2026-03-31T15:30:02.674779] Fetched 10 events
[2026-03-31T15:30:02.675165] === Done: 0 added, 7 already invited, 0 failed, 3 all-day skipped ===
[2026-03-31T16:00:01.542573] === calendar_self_invite starting ===
[2026-03-31T16:00:02.607428] Fetched 10 events
[2026-03-31T16:00:02.607789] === Done: 0 added, 7 already invited, 0 failed, 3 all-day skipped ===
[2026-03-31T16:30:01.924856] === calendar_self_invite starting ===
[2026-03-31T16:30:03.933574] Fetched 10 events
[2026-03-31T16:30:03.933994] === Done: 0 added, 7 already invited, 0 failed, 3 all-day skipped ===
[2026-03-31T17:00:01.850108] === calendar_self_invite starting ===
[2026-03-31T17:00:02.942974] Fetched 10 events
[2026-03-31T17:00:02.943365] === Done: 0 added, 7 already invited, 0 failed, 3 all-day skipped ===
[2026-03-31T17:30:01.886229] === calendar_self_invite starting ===
[2026-03-31T17:30:03.076218] Fetched 10 events
[2026-03-31T17:30:03.076646] === Done: 0 added, 7 already invited, 0 failed, 3 all-day skipped ===
[2026-03-31T18:00:01.857256] === calendar_self_invite starting ===
[2026-03-31T18:00:04.298697] Fetched 10 events
[2026-03-31T18:00:04.299306] === Done: 0 added, 7 already invited, 0 failed, 3 all-day skipped ===
[2026-03-31T18:30:01.299894] === calendar_self_invite starting ===
[2026-03-31T18:30:02.415586] Fetched 10 events
[2026-03-31T18:30:02.416042] === Done: 0 added, 7 already invited, 0 failed, 3 all-day skipped ===
[2026-03-31T19:00:01.316995] === calendar_self_invite starting ===
[2026-03-31T19:00:02.394888] Fetched 10 events
[2026-03-31T19:00:02.395519] === Done: 0 added, 7 already invited, 0 failed, 3 all-day skipped ===
[2026-03-31T19:30:01.911003] === calendar_self_invite starting ===
[2026-03-31T19:30:03.703918] Fetched 10 events
[2026-03-31T19:30:03.704359] === Done: 0 added, 7 already invited, 0 failed, 3 all-day skipped ===
[2026-03-31T20:00:01.502443] === calendar_self_invite starting ===
[2026-03-31T20:00:02.725158] Fetched 10 events
[2026-03-31T20:00:02.725516] === Done: 0 added, 7 already invited, 0 failed, 3 all-day skipped ===
[2026-03-31T20:30:01.881032] === calendar_self_invite starting ===
[2026-03-31T20:30:02.964825] Fetched 10 events
[2026-03-31T20:30:02.965290] === Done: 0 added, 7 already invited, 0 failed, 3 all-day skipped ===
[2026-03-31T21:00:02.024165] === calendar_self_invite starting ===
[2026-03-31T21:00:03.121890] Fetched 10 events
[2026-03-31T21:00:03.122293] === Done: 0 added, 7 already invited, 0 failed, 3 all-day skipped ===
[2026-03-31T21:30:01.798623] === calendar_self_invite starting ===
[2026-03-31T21:30:02.822480] Fetched 10 events
[2026-03-31T21:30:02.823015] === Done: 0 added, 7 already invited, 0 failed, 3 all-day skipped ===
[2026-03-31T22:00:01.682517] === calendar_self_invite starting ===
[2026-03-31T22:00:02.831484] Fetched 10 events
[2026-03-31T22:00:02.831863] === Done: 0 added, 8 already invited, 0 failed, 2 all-day skipped ===
[2026-03-31T22:30:01.419426] === calendar_self_invite starting ===
[2026-03-31T22:30:02.484757] Fetched 10 events
[2026-03-31T22:30:02.485325] === Done: 0 added, 8 already invited, 0 failed, 2 all-day skipped ===
[2026-03-31T23:00:01.341474] === calendar_self_invite starting ===
[2026-03-31T23:00:02.443809] Fetched 10 events
[2026-03-31T23:00:02.444211] === Done: 0 added, 8 already invited, 0 failed, 2 all-day skipped ===
[2026-03-31T23:30:01.148969] === calendar_self_invite starting ===
[2026-03-31T23:30:02.167960] Fetched 10 events
[2026-03-31T23:30:02.168387] === Done: 0 added, 8 already invited, 0 failed, 2 all-day skipped ===
[2026-04-01T00:00:01.678669] === calendar_self_invite starting ===
[2026-04-01T00:00:02.854919] Fetched 10 events
[2026-04-01T00:00:02.855303] === Done: 0 added, 8 already invited, 0 failed, 2 all-day skipped ===
[2026-04-01T00:30:02.013730] === calendar_self_invite starting ===
[2026-04-01T00:30:03.388540] Fetched 10 events
[2026-04-01T00:30:03.389024] === Done: 0 added, 8 already invited, 0 failed, 2 all-day skipped ===
[2026-04-01T01:00:01.314986] === calendar_self_invite starting ===
[2026-04-01T01:00:02.761172] Fetched 10 events
[2026-04-01T01:00:02.761525] === Done: 0 added, 8 already invited, 0 failed, 2 all-day skipped ===
[2026-04-01T01:30:01.858698] === calendar_self_invite starting ===
[2026-04-01T01:30:03.045000] Fetched 10 events
[2026-04-01T01:30:03.045450] === Done: 0 added, 8 already invited, 0 failed, 2 all-day skipped ===
[2026-04-01T02:00:01.073255] === calendar_self_invite starting ===
[2026-04-01T02:00:02.317738] Fetched 10 events
[2026-04-01T02:00:02.318124] === Done: 0 added, 8 already invited, 0 failed, 2 all-day skipped ===
[2026-04-01T02:30:01.443053] === calendar_self_invite starting ===
[2026-04-01T02:30:02.688880] Fetched 10 events
[2026-04-01T02:30:02.689290] === Done: 0 added, 8 already invited, 0 failed, 2 all-day skipped ===
[2026-04-01T03:00:01.146380] === calendar_self_invite starting ===
[2026-04-01T03:00:02.461310] Fetched 10 events
[2026-04-01T03:00:02.461651] === Done: 0 added, 8 already invited, 0 failed, 2 all-day skipped ===
[2026-04-01T03:30:01.987926] === calendar_self_invite starting ===
[2026-04-01T03:30:03.322075] Fetched 10 events
[2026-04-01T03:30:03.322288] === Done: 0 added, 8 already invited, 0 failed, 2 all-day skipped ===
[2026-04-01T04:00:01.513413] === calendar_self_invite starting ===
[2026-04-01T04:00:02.810843] Fetched 10 events
[2026-04-01T04:00:02.811256] === Done: 0 added, 8 already invited, 0 failed, 2 all-day skipped ===
[2026-04-01T04:30:01.438770] === calendar_self_invite starting ===
[2026-04-01T04:30:02.584236] Fetched 10 events
[2026-04-01T04:30:02.584594] === Done: 0 added, 8 already invited, 0 failed, 2 all-day skipped ===
[2026-04-01T05:00:01.250983] === calendar_self_invite starting ===
[2026-04-01T05:00:02.573428] Fetched 10 events
[2026-04-01T05:00:02.573639] === Done: 0 added, 8 already invited, 0 failed, 2 all-day skipped ===
[2026-04-01T05:30:01.879552] === calendar_self_invite starting ===
[2026-04-01T05:30:03.260497] Fetched 10 events
[2026-04-01T05:30:03.261036] === Done: 0 added, 8 already invited, 0 failed, 2 all-day skipped ===
[2026-04-01T06:00:01.793385] === calendar_self_invite starting ===
[2026-04-01T06:00:03.051167] Fetched 10 events
[2026-04-01T06:00:03.051821] === Done: 0 added, 8 already invited, 0 failed, 2 all-day skipped ===
[2026-04-01T06:30:01.104429] === calendar_self_invite starting ===
[2026-04-01T06:30:02.452649] Fetched 10 events
[2026-04-01T06:30:02.453091] === Done: 0 added, 8 already invited, 0 failed, 2 all-day skipped ===
[2026-04-01T07:00:01.335228] === calendar_self_invite starting ===
[2026-04-01T07:00:02.687472] Fetched 10 events
[2026-04-01T07:00:02.687854] === Done: 0 added, 8 already invited, 0 failed, 2 all-day skipped ===
[2026-04-01T07:30:01.333515] === calendar_self_invite starting ===
[2026-04-01T07:30:02.643041] Fetched 10 events
[2026-04-01T07:30:02.643718] === Done: 0 added, 7 already invited, 0 failed, 3 all-day skipped ===
[2026-04-01T08:00:01.290003] === calendar_self_invite starting ===
[2026-04-01T08:00:02.660995] Fetched 10 events
[2026-04-01T08:00:02.661420] === Done: 0 added, 7 already invited, 0 failed, 3 all-day skipped ===
[2026-04-01T08:30:01.940958] === calendar_self_invite starting ===
[2026-04-01T08:30:03.160272] Fetched 10 events
[2026-04-01T08:30:03.160682] === Done: 0 added, 7 already invited, 0 failed, 3 all-day skipped ===
[2026-04-01T09:00:01.521264] === calendar_self_invite starting ===
[2026-04-01T09:00:02.832845] Fetched 10 events
[2026-04-01T09:00:02.833045] === Done: 0 added, 7 already invited, 0 failed, 3 all-day skipped ===
[2026-04-01T09:30:01.780823] === calendar_self_invite starting ===
[2026-04-01T09:30:03.300699] Fetched 10 events
[2026-04-01T09:30:03.300936] === Done: 0 added, 7 already invited, 0 failed, 3 all-day skipped ===
[2026-04-01T10:00:01.934307] === calendar_self_invite starting ===
[2026-04-01T10:00:03.349339] Fetched 10 events
[2026-04-01T10:00:03.349968] === Done: 0 added, 7 already invited, 0 failed, 3 all-day skipped ===
[2026-04-01T10:30:01.054367] === calendar_self_invite starting ===
[2026-04-01T10:30:02.328203] Fetched 10 events
[2026-04-01T10:30:02.328832] === Done: 0 added, 7 already invited, 0 failed, 3 all-day skipped ===
[2026-04-01T11:00:01.142766] === calendar_self_invite starting ===
[2026-04-01T11:00:02.399976] Fetched 10 events
[2026-04-01T11:00:02.400472] === Done: 0 added, 6 already invited, 0 failed, 4 all-day skipped ===
[2026-04-01T11:30:01.229866] === calendar_self_invite starting ===
[2026-04-01T11:30:02.508819] Fetched 10 events
[2026-04-01T11:30:02.509446] === Done: 0 added, 6 already invited, 0 failed, 4 all-day skipped ===
[2026-04-01T12:00:01.338660] === calendar_self_invite starting ===
[2026-04-01T12:00:02.652411] Fetched 10 events
[2026-04-01T12:00:02.652803] === Done: 0 added, 6 already invited, 0 failed, 4 all-day skipped ===
[2026-04-01T12:30:01.457696] === calendar_self_invite starting ===
[2026-04-01T12:30:02.783988] Fetched 10 events
[2026-04-01T12:30:02.784687] === Done: 0 added, 6 already invited, 0 failed, 4 all-day skipped ===
[2026-04-01T13:00:01.581983] === calendar_self_invite starting ===
[2026-04-01T13:00:02.879631] Fetched 10 events
[2026-04-01T13:00:02.880001] === Done: 0 added, 6 already invited, 0 failed, 4 all-day skipped ===
[2026-04-01T13:30:01.688627] === calendar_self_invite starting ===
[2026-04-01T13:30:02.960750] Fetched 10 events
[2026-04-01T13:30:02.961379] === Done: 0 added, 5 already invited, 0 failed, 5 all-day skipped ===
[2026-04-01T14:00:01.823631] === calendar_self_invite starting ===
[2026-04-01T14:00:03.420747] Fetched 10 events
[2026-04-01T14:00:03.421298] === Done: 0 added, 5 already invited, 0 failed, 5 all-day skipped ===
[2026-04-01T14:30:01.953892] === calendar_self_invite starting ===
[2026-04-01T14:30:03.183458] Fetched 10 events
[2026-04-01T14:30:03.183874] === Done: 0 added, 5 already invited, 0 failed, 5 all-day skipped ===
[2026-04-01T15:00:01.066027] === calendar_self_invite starting ===
[2026-04-01T15:00:02.352145] Fetched 10 events
[2026-04-01T15:00:02.352659] === Done: 0 added, 5 already invited, 0 failed, 5 all-day skipped ===
[2026-04-01T15:30:01.169870] === calendar_self_invite starting ===
[2026-04-01T15:30:03.467706] Fetched 10 events
[2026-04-01T15:30:03.467891]   Event: 'Software Brainstorm & Prototype' — not invited, adding...
[2026-04-01T15:30:06.717738]   ✅ Added to 'Software Brainstorm & Prototype' (82guvu58fu85rsqugcit46vpj0)
[2026-04-01T15:30:06.737547] === Done: 1 added, 4 already invited, 0 failed, 5 all-day skipped ===
[2026-04-01T16:00:01.307727] === calendar_self_invite starting ===
[2026-04-01T16:00:02.645784] Fetched 10 events
[2026-04-01T16:00:02.646210] === Done: 0 added, 5 already invited, 0 failed, 5 all-day skipped ===
[2026-04-01T16:30:01.451266] === calendar_self_invite starting ===
[2026-04-01T16:30:02.483551] Fetched 10 events
[2026-04-01T16:30:02.483749] === Done: 0 added, 5 already invited, 0 failed, 5 all-day skipped ===
[2026-04-01T17:00:01.555607] === calendar_self_invite starting ===
[2026-04-01T17:00:02.891383] Fetched 10 events
[2026-04-01T17:00:02.891695] === Done: 0 added, 5 already invited, 0 failed, 5 all-day skipped ===
[2026-04-01T17:30:01.702453] === calendar_self_invite starting ===
[2026-04-01T17:30:02.818805] Fetched 10 events
[2026-04-01T17:30:02.819281] === Done: 0 added, 5 already invited, 0 failed, 5 all-day skipped ===
[2026-04-01T18:00:01.806210] === calendar_self_invite starting ===
[2026-04-01T18:00:02.895935] Fetched 10 events
[2026-04-01T18:00:02.896371] === Done: 0 added, 7 already invited, 0 failed, 3 all-day skipped ===
[2026-04-01T18:30:01.893804] === calendar_self_invite starting ===
[2026-04-01T18:30:02.917902] Fetched 10 events
[2026-04-01T18:30:02.918335] === Done: 0 added, 7 already invited, 0 failed, 3 all-day skipped ===
[2026-04-01T19:00:01.999311] === calendar_self_invite starting ===
[2026-04-01T19:00:03.081219] Fetched 10 events
[2026-04-01T19:00:03.081657] === Done: 0 added, 7 already invited, 0 failed, 3 all-day skipped ===
[2026-04-01T19:30:01.094815] === calendar_self_invite starting ===
[2026-04-01T19:30:02.162620] Fetched 10 events
[2026-04-01T19:30:02.163094] === Done: 0 added, 7 already invited, 0 failed, 3 all-day skipped ===
[2026-04-01T20:00:01.199276] === calendar_self_invite starting ===
[2026-04-01T20:00:02.313544] Fetched 10 events
[2026-04-01T20:00:02.314001] === Done: 0 added, 7 already invited, 0 failed, 3 all-day skipped ===
[2026-04-01T20:30:01.262987] === calendar_self_invite starting ===
[2026-04-01T20:30:02.449117] Fetched 10 events
[2026-04-01T20:30:02.449778] === Done: 0 added, 7 already invited, 0 failed, 3 all-day skipped ===
[2026-04-01T21:00:01.333201] === calendar_self_invite starting ===
[2026-04-01T21:00:02.570638] Fetched 10 events
[2026-04-01T21:00:02.570987] === Done: 0 added, 7 already invited, 0 failed, 3 all-day skipped ===
[2026-04-01T21:30:01.425041] === calendar_self_invite starting ===
[2026-04-01T21:30:02.565010] Fetched 10 events
[2026-04-01T21:30:02.565621] === Done: 0 added, 7 already invited, 0 failed, 3 all-day skipped ===
[2026-04-01T22:00:01.522273] === calendar_self_invite starting ===
[2026-04-01T22:00:02.721120] Fetched 10 events
[2026-04-01T22:00:02.721473] === Done: 0 added, 7 already invited, 0 failed, 3 all-day skipped ===
[2026-04-01T22:30:01.596149] === calendar_self_invite starting ===
[2026-04-01T22:30:02.647029] Fetched 10 events
[2026-04-01T22:30:02.647667] === Done: 0 added, 7 already invited, 0 failed, 3 all-day skipped ===
[2026-04-01T23:00:01.682452] === calendar_self_invite starting ===
[2026-04-01T23:00:02.738308] Fetched 10 events
[2026-04-01T23:00:02.738681] === Done: 0 added, 7 already invited, 0 failed, 3 all-day skipped ===
[2026-04-01T23:30:01.775276] === calendar_self_invite starting ===
[2026-04-01T23:30:02.994713] Fetched 10 events
[2026-04-01T23:30:02.995065] === Done: 0 added, 7 already invited, 0 failed, 3 all-day skipped ===
[2026-04-02T00:00:01.892903] === calendar_self_invite starting ===
[2026-04-02T00:00:03.052924] Fetched 10 events
[2026-04-02T00:00:03.053478] === Done: 0 added, 7 already invited, 0 failed, 3 all-day skipped ===
[2026-04-02T00:30:01.961518] === calendar_self_invite starting ===
[2026-04-02T00:30:03.163115] Fetched 10 events
[2026-04-02T00:30:03.163736] === Done: 0 added, 7 already invited, 0 failed, 3 all-day skipped ===
[2026-04-02T01:00:01.077678] === calendar_self_invite starting ===
[2026-04-02T01:00:02.338548] Fetched 10 events
[2026-04-02T01:00:02.339017] === Done: 0 added, 7 already invited, 0 failed, 3 all-day skipped ===
[2026-04-02T01:30:01.183399] === calendar_self_invite starting ===
[2026-04-02T01:30:02.414417] Fetched 10 events
[2026-04-02T01:30:02.414834] === Done: 0 added, 7 already invited, 0 failed, 3 all-day skipped ===
[2026-04-02T02:00:01.246956] === calendar_self_invite starting ===
[2026-04-02T02:00:02.393921] Fetched 10 events
[2026-04-02T02:00:02.394349] === Done: 0 added, 7 already invited, 0 failed, 3 all-day skipped ===
[2026-04-02T02:30:01.328807] === calendar_self_invite starting ===
[2026-04-02T02:30:02.551075] Fetched 10 events
[2026-04-02T02:30:02.551515] === Done: 0 added, 7 already invited, 0 failed, 3 all-day skipped ===
[2026-04-02T03:00:01.457220] === calendar_self_invite starting ===
[2026-04-02T03:00:02.681704] Fetched 10 events
[2026-04-02T03:00:02.682275] === Done: 0 added, 7 already invited, 0 failed, 3 all-day skipped ===
[2026-04-02T03:30:01.580062] === calendar_self_invite starting ===
[2026-04-02T03:30:02.748829] Fetched 10 events
[2026-04-02T03:30:02.749027] === Done: 0 added, 7 already invited, 0 failed, 3 all-day skipped ===
[2026-04-02T04:00:01.996998] === calendar_self_invite starting ===
[2026-04-02T04:00:03.276398] Fetched 10 events
[2026-04-02T04:00:03.276811] === Done: 0 added, 7 already invited, 0 failed, 3 all-day skipped ===
[2026-04-02T04:30:01.601648] === calendar_self_invite starting ===
[2026-04-02T04:30:02.889049] Fetched 10 events
[2026-04-02T04:30:02.889520] === Done: 0 added, 7 already invited, 0 failed, 3 all-day skipped ===
[2026-04-02T05:00:01.489128] === calendar_self_invite starting ===
[2026-04-02T05:00:02.717226] Fetched 10 events
[2026-04-02T05:00:02.717635] === Done: 0 added, 7 already invited, 0 failed, 3 all-day skipped ===
[2026-04-02T05:30:01.325345] === calendar_self_invite starting ===
[2026-04-02T05:30:02.526395] Fetched 10 events
[2026-04-02T05:30:02.526820] === Done: 0 added, 7 already invited, 0 failed, 3 all-day skipped ===
[2026-04-02T06:00:01.800841] === calendar_self_invite starting ===
[2026-04-02T06:00:03.167918] Fetched 10 events
[2026-04-02T06:00:03.168557] === Done: 0 added, 7 already invited, 0 failed, 3 all-day skipped ===
[2026-04-02T06:30:01.494347] === calendar_self_invite starting ===
[2026-04-02T06:30:02.904168] Fetched 10 events
[2026-04-02T06:30:02.904710] === Done: 0 added, 7 already invited, 0 failed, 3 all-day skipped ===
[2026-04-02T07:00:01.294985] === calendar_self_invite starting ===
[2026-04-02T07:00:02.742114] Fetched 10 events
[2026-04-02T07:00:02.742309] === Done: 0 added, 7 already invited, 0 failed, 3 all-day skipped ===
[2026-04-02T07:30:01.693786] === calendar_self_invite starting ===
[2026-04-02T07:30:02.932762] Fetched 10 events
[2026-04-02T07:30:02.933119] === Done: 0 added, 7 already invited, 0 failed, 3 all-day skipped ===
[2026-04-02T08:00:01.633784] === calendar_self_invite starting ===
[2026-04-02T08:00:03.371554] Fetched 10 events
[2026-04-02T08:00:03.371967] === Done: 0 added, 7 already invited, 0 failed, 3 all-day skipped ===
[2026-04-02T08:30:01.442292] === calendar_self_invite starting ===
[2026-04-02T08:30:02.713843] Fetched 10 events
[2026-04-02T08:30:02.714285] === Done: 0 added, 7 already invited, 0 failed, 3 all-day skipped ===
[2026-04-02T09:00:01.551115] === calendar_self_invite starting ===
[2026-04-02T09:00:03.449053] Fetched 10 events
[2026-04-02T09:00:03.449699] === Done: 0 added, 7 already invited, 0 failed, 3 all-day skipped ===
[2026-04-02T09:30:01.696547] === calendar_self_invite starting ===
[2026-04-02T09:30:03.083407] Fetched 10 events
[2026-04-02T09:30:03.083935] === Done: 0 added, 7 already invited, 0 failed, 3 all-day skipped ===
[2026-04-02T10:00:01.978306] === calendar_self_invite starting ===
[2026-04-02T10:00:03.473708] Fetched 10 events
[2026-04-02T10:00:03.474086] === Done: 0 added, 6 already invited, 0 failed, 4 all-day skipped ===
[2026-04-02T10:30:01.253405] === calendar_self_invite starting ===
[2026-04-02T10:30:02.826802] Fetched 10 events
[2026-04-02T10:30:02.827548] === Done: 0 added, 6 already invited, 0 failed, 4 all-day skipped ===
[2026-04-02T11:00:01.343680] === calendar_self_invite starting ===
[2026-04-02T11:00:02.655541] Fetched 10 events
[2026-04-02T11:00:02.655933] === Done: 0 added, 5 already invited, 0 failed, 5 all-day skipped ===
[2026-04-02T11:30:01.474641] === calendar_self_invite starting ===
[2026-04-02T11:30:02.866794] Fetched 10 events
[2026-04-02T11:30:02.867267] === Done: 0 added, 5 already invited, 0 failed, 5 all-day skipped ===
[2026-04-02T12:00:01.572718] === calendar_self_invite starting ===
[2026-04-02T12:00:03.196643] Fetched 10 events
[2026-04-02T12:00:03.197159] === Done: 0 added, 5 already invited, 0 failed, 5 all-day skipped ===
[2026-04-02T12:30:01.663139] === calendar_self_invite starting ===
[2026-04-02T12:30:03.060900] Fetched 10 events
[2026-04-02T12:30:03.061344] === Done: 0 added, 5 already invited, 0 failed, 5 all-day skipped ===
[2026-04-02T13:00:01.774688] === calendar_self_invite starting ===
[2026-04-02T13:00:03.269888] Fetched 10 events
[2026-04-02T13:00:03.270381] === Done: 0 added, 5 already invited, 0 failed, 5 all-day skipped ===
[2026-04-02T13:30:01.897688] === calendar_self_invite starting ===
[2026-04-02T13:30:03.114712] Fetched 10 events
[2026-04-02T13:30:03.115113] === Done: 0 added, 5 already invited, 0 failed, 5 all-day skipped ===
[2026-04-02T14:00:02.003143] === calendar_self_invite starting ===
[2026-04-02T14:00:03.281465] Fetched 10 events
[2026-04-02T14:00:03.281887] === Done: 0 added, 5 already invited, 0 failed, 5 all-day skipped ===
[2026-04-02T14:30:01.074098] === calendar_self_invite starting ===
[2026-04-02T14:30:02.533147] Fetched 10 events
[2026-04-02T14:30:02.533584] === Done: 0 added, 5 already invited, 0 failed, 5 all-day skipped ===
[2026-04-02T15:00:01.191588] === calendar_self_invite starting ===
[2026-04-02T15:00:02.594456] Fetched 10 events
[2026-04-02T15:00:02.594999] === Done: 0 added, 5 already invited, 0 failed, 5 all-day skipped ===
[2026-04-02T15:30:01.296666] === calendar_self_invite starting ===
[2026-04-02T15:30:02.639988] Fetched 10 events
[2026-04-02T15:30:02.640408] === Done: 0 added, 5 already invited, 0 failed, 5 all-day skipped ===
[2026-04-02T16:00:01.418718] === calendar_self_invite starting ===
[2026-04-02T16:00:02.744086] Fetched 10 events
[2026-04-02T16:00:02.744550] === Done: 0 added, 5 already invited, 0 failed, 5 all-day skipped ===
[2026-04-02T16:30:01.555373] === calendar_self_invite starting ===
[2026-04-02T16:30:02.714735] Fetched 10 events
[2026-04-02T16:30:02.715259] === Done: 0 added, 5 already invited, 0 failed, 5 all-day skipped ===
[2026-04-02T17:00:01.665774] === calendar_self_invite starting ===
[2026-04-02T17:00:02.829614] Fetched 10 events
[2026-04-02T17:00:02.829962] === Done: 0 added, 5 already invited, 0 failed, 5 all-day skipped ===
[2026-04-02T17:30:01.761539] === calendar_self_invite starting ===
[2026-04-02T17:30:03.030401] Fetched 10 events
[2026-04-02T17:30:03.030813] === Done: 0 added, 5 already invited, 0 failed, 5 all-day skipped ===
[2026-04-02T18:00:01.870589] === calendar_self_invite starting ===
[2026-04-02T18:00:03.032893] Fetched 10 events
[2026-04-02T18:00:03.033598] === Done: 0 added, 5 already invited, 0 failed, 5 all-day skipped ===
[2026-04-02T18:30:01.985903] === calendar_self_invite starting ===
[2026-04-02T18:30:03.118320] Fetched 10 events
[2026-04-02T18:30:03.118823] === Done: 0 added, 5 already invited, 0 failed, 5 all-day skipped ===
[2026-04-02T19:00:01.091706] === calendar_self_invite starting ===
[2026-04-02T19:00:02.426179] Fetched 10 events
[2026-04-02T19:00:02.426391] === Done: 0 added, 5 already invited, 0 failed, 5 all-day skipped ===
[2026-04-02T19:30:01.200447] === calendar_self_invite starting ===
[2026-04-02T19:30:02.309374] Fetched 10 events
[2026-04-02T19:30:02.309823] === Done: 0 added, 5 already invited, 0 failed, 5 all-day skipped ===
[2026-04-02T20:00:01.304875] === calendar_self_invite starting ===
[2026-04-02T20:00:02.427759] Fetched 10 events
[2026-04-02T20:00:02.428212] === Done: 0 added, 5 already invited, 0 failed, 5 all-day skipped ===
[2026-04-02T20:30:01.408485] === calendar_self_invite starting ===
[2026-04-02T20:30:02.623657] Fetched 10 events
[2026-04-02T20:30:02.624057] === Done: 0 added, 5 already invited, 0 failed, 5 all-day skipped ===
[2026-04-02T21:00:01.511521] === calendar_self_invite starting ===
[2026-04-02T21:00:02.698392] Fetched 10 events
[2026-04-02T21:00:02.698958] === Done: 0 added, 5 already invited, 0 failed, 5 all-day skipped ===
[2026-04-02T21:30:01.602340] === calendar_self_invite starting ===
[2026-04-02T21:30:02.717227] Fetched 10 events
[2026-04-02T21:30:02.717716] === Done: 0 added, 5 already invited, 0 failed, 5 all-day skipped ===
[2026-04-02T22:00:01.713886] === calendar_self_invite starting ===
[2026-04-02T22:00:02.901242] Fetched 10 events
[2026-04-02T22:00:02.901724] === Done: 0 added, 5 already invited, 0 failed, 5 all-day skipped ===
[2026-04-02T22:30:01.832815] === calendar_self_invite starting ===
[2026-04-02T22:30:03.027664] Fetched 10 events
[2026-04-02T22:30:03.027998] === Done: 0 added, 5 already invited, 0 failed, 5 all-day skipped ===
[2026-04-02T23:00:01.928264] === calendar_self_invite starting ===
[2026-04-02T23:00:03.042956] Fetched 10 events
[2026-04-02T23:00:03.043346] === Done: 0 added, 5 already invited, 0 failed, 5 all-day skipped ===
[2026-04-02T23:30:01.046425] === calendar_self_invite starting ===
[2026-04-02T23:30:02.165410] Fetched 10 events
[2026-04-02T23:30:02.165920] === Done: 0 added, 5 already invited, 0 failed, 5 all-day skipped ===
[2026-04-03T00:00:01.169762] === calendar_self_invite starting ===
[2026-04-03T00:00:02.486840] Fetched 10 events
[2026-04-03T00:00:02.486985]   Event: 'AI-First Full Stack Developer – Phase 1 – Dick-Jay “Djay” Bustamante| Ironsail' — not invited, adding...
[2026-04-03T00:00:05.595781]   ✅ Added to 'AI-First Full Stack Developer – Phase 1 – Dick-Jay “Djay” Bustamante| Ironsail' (5v4hgu8t7c0r8q1if61tucigl5)
[2026-04-03T00:00:05.596364] === Done: 1 added, 5 already invited, 0 failed, 4 all-day skipped ===
[2026-04-03T00:30:01.217086] === calendar_self_invite starting ===
[2026-04-03T00:30:02.256797] Fetched 10 events
[2026-04-03T00:30:02.257217] === Done: 0 added, 6 already invited, 0 failed, 4 all-day skipped ===
[2026-04-03T01:00:01.301043] === calendar_self_invite starting ===
[2026-04-03T01:00:02.335809] Fetched 10 events
[2026-04-03T01:00:02.336312] === Done: 0 added, 6 already invited, 0 failed, 4 all-day skipped ===
[2026-04-03T01:30:01.442151] === calendar_self_invite starting ===
[2026-04-03T01:30:02.588566] Fetched 10 events
[2026-04-03T01:30:02.589008] === Done: 0 added, 6 already invited, 0 failed, 4 all-day skipped ===
[2026-04-03T02:00:01.569726] === calendar_self_invite starting ===
[2026-04-03T02:00:02.998068] Fetched 10 events
[2026-04-03T02:00:02.998605] === Done: 0 added, 6 already invited, 0 failed, 4 all-day skipped ===
[2026-04-03T02:30:01.693712] === calendar_self_invite starting ===
[2026-04-03T02:30:02.925586] Fetched 10 events
[2026-04-03T02:30:02.926000] === Done: 0 added, 6 already invited, 0 failed, 4 all-day skipped ===
[2026-04-03T03:00:01.789690] === calendar_self_invite starting ===
[2026-04-03T03:00:02.930307] Fetched 10 events
[2026-04-03T03:00:02.930661] === Done: 0 added, 6 already invited, 0 failed, 4 all-day skipped ===
[2026-04-03T03:30:01.949832] === calendar_self_invite starting ===
[2026-04-03T03:30:03.056589] Fetched 10 events
[2026-04-03T03:30:03.056927] === Done: 0 added, 6 already invited, 0 failed, 4 all-day skipped ===
[2026-04-03T04:00:01.418842] === calendar_self_invite starting ===
[2026-04-03T04:00:02.617370] Fetched 10 events
[2026-04-03T04:00:02.617953] === Done: 0 added, 6 already invited, 0 failed, 4 all-day skipped ===
[2026-04-03T04:30:01.714807] === calendar_self_invite starting ===
[2026-04-03T04:30:03.048391] Fetched 10 events
[2026-04-03T04:30:03.048812] === Done: 0 added, 6 already invited, 0 failed, 4 all-day skipped ===
[2026-04-03T05:00:01.395352] === calendar_self_invite starting ===
[2026-04-03T05:00:02.753516] Fetched 10 events
[2026-04-03T05:00:02.753993] === Done: 0 added, 6 already invited, 0 failed, 4 all-day skipped ===
[2026-04-03T05:30:01.247760] === calendar_self_invite starting ===
[2026-04-03T05:30:02.429306] Fetched 10 events
[2026-04-03T05:30:02.429608] === Done: 0 added, 6 already invited, 0 failed, 4 all-day skipped ===
[2026-04-03T06:00:01.259412] === calendar_self_invite starting ===
[2026-04-03T06:00:03.479935] Fetched 10 events
[2026-04-03T06:00:03.480659] === Done: 0 added, 6 already invited, 0 failed, 4 all-day skipped ===
[2026-04-03T06:30:01.786696] === calendar_self_invite starting ===
[2026-04-03T06:30:03.165237] Fetched 10 events
[2026-04-03T06:30:03.165567] === Done: 0 added, 6 already invited, 0 failed, 4 all-day skipped ===
